<?xml version="1.0" encoding="UTF-8"?>
<!-- Generated by org.testng.reporters.JUnitReportReporter -->
<testsuite skipped="0" hostname="OIT-CT1ALTMARIF" name="com.eisrem.testCases.Module_People.RaceEthnicityPageTest" tests="1" failures="0" timestamp="2022-05-10T10:46:49 EDT" time="45.486" errors="0">
  <testcase name="RaceEthnicityPageTitlesCheck" time="45.486" classname="com.eisrem.testCases.Module_People.RaceEthnicityPageTest"/>
  <system-out/>
</testsuite> <!-- com.eisrem.testCases.Module_People.RaceEthnicityPageTest -->
