<?xml version="1.0" encoding="UTF-8"?>
<!-- Generated by org.testng.reporters.JUnitReportReporter -->
<testsuite skipped="0" hostname="OIT-CT1ALTMARIF" name="com.eisrem.testCases.Module_Administrator.TC_Questions_Add_Edit_View" tests="1" failures="0" timestamp="2022-05-09T10:28:19 EDT" time="514.942" errors="0">
  <testcase name="TC_Question_Add_Multi_Value_001" time="514.942" classname="com.eisrem.testCases.Module_Administrator.TC_Questions_Add_Edit_View"/>
  <system-out/>
</testsuite> <!-- com.eisrem.testCases.Module_Administrator.TC_Questions_Add_Edit_View -->
