<?xml version="1.0" encoding="UTF-8"?>
<!-- Generated by org.testng.reporters.JUnitReportReporter -->
<testsuite skipped="0" hostname="OIT-CT1ALTMARIF" name="com.eisrem.testCases.Release2021.TC_BHOPS_11786_End_Date_Relationship_Address" tests="1" failures="0" timestamp="2022-06-09T11:41:04 EDT" time="94.102" errors="0">
  <testcase name="TC_11786_End_Date_Relationship_Address_001" time="94.102" classname="com.eisrem.testCases.Release2021.TC_BHOPS_11786_End_Date_Relationship_Address"/>
  <system-out/>
</testsuite> <!-- com.eisrem.testCases.Release2021.TC_BHOPS_11786_End_Date_Relationship_Address -->
