<?xml version="1.0" encoding="UTF-8"?>
<!-- Generated by org.testng.reporters.JUnitReportReporter -->
<testsuite skipped="0" hostname="OIT-CT1ALTMARIF" name="com.eisrem.testCases.TestTryOut" tests="1" failures="0" timestamp="2022-06-29T15:07:47 EDT" time="34.012" errors="0">
  <testcase name="Test1" time="34.012" classname="com.eisrem.testCases.TestTryOut"/>
  <system-out/>
</testsuite> <!-- com.eisrem.testCases.TestTryOut -->
