<?xml version="1.0" encoding="UTF-8"?>
<!-- Generated by org.testng.reporters.JUnitReportReporter -->
<testsuite skipped="0" hostname="OIT-CT1ALTMARIF" name="com.eisrem.testCases.Module_Administrator.TC_Section_Add" tests="1" failures="0" timestamp="2022-03-28T15:02:30 EDT" time="79.174" errors="0">
  <testcase name="TC_Section_Add_001" time="79.174" classname="com.eisrem.testCases.Module_Administrator.TC_Section_Add"/>
  <system-out/>
</testsuite> <!-- com.eisrem.testCases.Module_Administrator.TC_Section_Add -->
