<?xml version="1.0" encoding="UTF-8"?>
<!-- Generated by org.testng.reporters.JUnitReportReporter -->
<testsuite skipped="0" hostname="OIT-CT1ALTMARIF" name="com.eisrem.testCases.Release2022.TC_BHOPS_11809_People_Add_Association_Org_Error_Message" tests="1" failures="0" timestamp="2022-06-09T15:57:47 EDT" time="112.570" errors="0">
  <testcase name="TC_BHOPS_11809_People_Add_Association_Org_Error_Message_001" time="112.570" classname="com.eisrem.testCases.Release2022.TC_BHOPS_11809_People_Add_Association_Org_Error_Message"/>
  <system-out/>
</testsuite> <!-- com.eisrem.testCases.Release2022.TC_BHOPS_11809_People_Add_Association_Org_Error_Message -->
