<?xml version="1.0" encoding="UTF-8"?>
<!-- Generated by org.testng.reporters.JUnitReportReporter -->
<testsuite skipped="0" hostname="OIT-CT1ALTMARIF" name="com.eisrem.testCases.Business.Module_Assessment.ProviderUserAssessment_Add_Edit_View" tests="4" failures="0" timestamp="2022-07-07T14:54:15 EDT" time="430.052" errors="0">
  <testcase name="Add_Func_Back_To_People" time="102.267" classname="com.eisrem.testCases.Business.Module_Assessment.ProviderUserAssessment_Add_Edit_View"/>
  <system-out/>
  <testcase name="Add_Func_Go_Back_To_List" time="102.042" classname="com.eisrem.testCases.Business.Module_Assessment.ProviderUserAssessment_Add_Edit_View"/>
  <system-out/>
  <testcase name="Assessment_Form_Edit" time="121.979" classname="com.eisrem.testCases.Business.Module_Assessment.ProviderUserAssessment_Add_Edit_View"/>
  <system-out/>
  <testcase name="Assessment_Form_View" time="103.764" classname="com.eisrem.testCases.Business.Module_Assessment.ProviderUserAssessment_Add_Edit_View"/>
  <system-out/>
</testsuite> <!-- com.eisrem.testCases.Business.Module_Assessment.ProviderUserAssessment_Add_Edit_View -->
