<?xml version="1.0" encoding="UTF-8"?>
<!-- Generated by org.testng.reporters.JUnitReportReporter -->
<testsuite skipped="0" hostname="OIT-CT1ALTMARIF" name="com.eisrem.testCases.Release2021.TC_Location_Addresses_Auto_End_Date" tests="1" failures="0" timestamp="2022-06-07T12:37:21 EDT" time="211.888" errors="0">
  <testcase name="TC_Location_Addresses_Auto_End_Date_001" time="211.888" classname="com.eisrem.testCases.Release2021.TC_Location_Addresses_Auto_End_Date"/>
  <system-out/>
</testsuite> <!-- com.eisrem.testCases.Release2021.TC_Location_Addresses_Auto_End_Date -->
