<?xml version="1.0" encoding="UTF-8"?>
<!-- Generated by org.testng.reporters.JUnitReportReporter -->
<testsuite skipped="0" hostname="OIT-CT1ALTMARIF" name="com.eisrem.testCases.Module_Administrator.TC_Related_Questions_Alphabetical" tests="1" failures="0" timestamp="2022-05-09T10:32:41 EDT" time="163.606" errors="0">
  <testcase name="TC_Related_Questions_Alphabetical_001" time="163.606" classname="com.eisrem.testCases.Module_Administrator.TC_Related_Questions_Alphabetical"/>
  <system-out/>
</testsuite> <!-- com.eisrem.testCases.Module_Administrator.TC_Related_Questions_Alphabetical -->
