<?xml version="1.0" encoding="UTF-8"?>
<!-- Generated by org.testng.reporters.JUnitReportReporter -->
<testsuite skipped="0" hostname="OIT-CT1ALTMARIF" name="com.eisrem.testCases.Module_Organization.TC_BHOPS_11465_Organization_User_Verify_End_Date" tests="1" failures="0" timestamp="2022-05-25T15:22:50 EDT" time="175.584" errors="0">
  <testcase name="TC_Organization_User_Verify_End_Date_001" time="175.584" classname="com.eisrem.testCases.Module_Organization.TC_BHOPS_11465_Organization_User_Verify_End_Date"/>
  <system-out/>
</testsuite> <!-- com.eisrem.testCases.Module_Organization.TC_BHOPS_11465_Organization_User_Verify_End_Date -->
