<?xml version="1.0" encoding="UTF-8"?>
<!-- Generated by org.testng.reporters.JUnitReportReporter -->
<testsuite skipped="0" hostname="OIT-CT1ALTMARIF" name="com.eisrem.testCases.Module_People.TC_People_Identifiers_Add_Edit_View" tests="1" failures="0" timestamp="2022-07-01T16:51:33 EDT" time="98.060" errors="0">
  <testcase name="TC_People_Identifiers_DuplicateMEcare_001" time="98.060" classname="com.eisrem.testCases.Module_People.TC_People_Identifiers_Add_Edit_View"/>
  <system-out/>
</testsuite> <!-- com.eisrem.testCases.Module_People.TC_People_Identifiers_Add_Edit_View -->
