<?xml version="1.0" encoding="UTF-8"?>
<!-- Generated by org.testng.reporters.JUnitReportReporter -->
<testsuite skipped="0" hostname="OIT-CT1ALTMARIF" name="com.eisrem.testCases.Module_Administrator.TC_Pages_Sections_Rows_Sort_Order" tests="2" failures="0" timestamp="2022-03-28T12:36:23 EDT" time="250.349" errors="0">
  <testcase name="TC_Pages_Sections_Rows_Sort_Order_001" time="120.574" classname="com.eisrem.testCases.Module_Administrator.TC_Pages_Sections_Rows_Sort_Order"/>
  <system-out/>
  <testcase name="TC_Pages_Sections_Rows_Sort_Order_002" time="129.775" classname="com.eisrem.testCases.Module_Administrator.TC_Pages_Sections_Rows_Sort_Order"/>
  <system-out/>
</testsuite> <!-- com.eisrem.testCases.Module_Administrator.TC_Pages_Sections_Rows_Sort_Order -->
