<?xml version="1.0" encoding="UTF-8"?>
<!-- Generated by org.testng.reporters.JUnitReportReporter -->
<testsuite skipped="0" hostname="OIT-CT1ALTMARIF" name="com.eisrem.testCases.Module_People.TC_BHOPS_11814_ResidentialPlacement_Add_Edit_View" tests="1" failures="0" timestamp="2022-05-27T12:38:20 EDT" time="83.728" errors="0">
  <testcase name="TC_ResidentialPlacement_Add_001" time="83.728" classname="com.eisrem.testCases.Module_People.TC_BHOPS_11814_ResidentialPlacement_Add_Edit_View"/>
  <system-out/>
</testsuite> <!-- com.eisrem.testCases.Module_People.TC_BHOPS_11814_ResidentialPlacement_Add_Edit_View -->
