<?xml version="1.0" encoding="UTF-8"?>
<!-- Generated by org.testng.reporters.JUnitReportReporter -->
<testsuite skipped="0" hostname="OIT-CT1ALTMARIF" name="com.eisrem.testCases.Module_Organization.TC_Associations_Org_Dropdown_Active_Locations" tests="1" failures="0" timestamp="2022-07-04T11:42:47 EDT" time="370.642" errors="0">
  <testcase name="TC_Associations_Org_Dropdown_Active_Locations_001" time="370.642" classname="com.eisrem.testCases.Module_Organization.TC_Associations_Org_Dropdown_Active_Locations"/>
  <system-out/>
</testsuite> <!-- com.eisrem.testCases.Module_Organization.TC_Associations_Org_Dropdown_Active_Locations -->
