<?xml version="1.0" encoding="UTF-8"?>
<!-- Generated by org.testng.reporters.JUnitReportReporter -->
<testsuite skipped="0" hostname="OIT-CT1ALTMARIF" name="com.eisrem.testCases.Module_Organization.TC_BHOPS_11358_Location_Addresses_Auto_End_Date" tests="1" failures="0" timestamp="2022-05-10T16:06:47 EDT" time="202.021" errors="0">
  <testcase name="TC_Location_Addresses_Auto_End_Date_001" time="202.021" classname="com.eisrem.testCases.Module_Organization.TC_BHOPS_11358_Location_Addresses_Auto_End_Date"/>
  <system-out/>
</testsuite> <!-- com.eisrem.testCases.Module_Organization.TC_BHOPS_11358_Location_Addresses_Auto_End_Date -->
