<?xml version="1.0" encoding="UTF-8"?>
<!-- Generated by org.testng.reporters.JUnitReportReporter -->
<testsuite skipped="0" hostname="OIT-CT1ALTMARIF" name="com.eisrem.testCases.Module_Organization.TC_Organization_Location_Loading_Queries" tests="1" failures="0" timestamp="2022-05-09T16:15:43 EDT" time="67.601" errors="0">
  <testcase name="OrganizationList_Anchor" time="67.601" classname="com.eisrem.testCases.Module_Organization.TC_Organization_Location_Loading_Queries"/>
  <system-out/>
</testsuite> <!-- com.eisrem.testCases.Module_Organization.TC_Organization_Location_Loading_Queries -->
