<?xml version="1.0" encoding="UTF-8"?>
<!-- Generated by org.testng.reporters.JUnitReportReporter -->
<testsuite skipped="0" hostname="OIT-CT1ALTMARIF" name="com.eisrem.testCases.Module_Organization.TC_BHOPS_6269_Organization_Add_ServicesSpecialties_Duplicate_Error_Msg" tests="1" failures="0" timestamp="2022-06-06T13:28:44 EDT" time="56.257" errors="0">
  <testcase name="Add_ServicesSpecialties_Duplicate_Error_Message" time="56.257" classname="com.eisrem.testCases.Module_Organization.TC_BHOPS_6269_Organization_Add_ServicesSpecialties_Duplicate_Error_Msg"/>
  <system-out/>
</testsuite> <!-- com.eisrem.testCases.Module_Organization.TC_BHOPS_6269_Organization_Add_ServicesSpecialties_Duplicate_Error_Msg -->
