<?xml version="1.0" encoding="UTF-8"?>
<!-- Generated by org.testng.reporters.JUnitReportReporter -->
<testsuite skipped="0" hostname="OIT-CT1ALTMARIF" name="com.eisrem.testCases.Module_People.People_Associations_Test" tests="1" failures="0" timestamp="2022-06-20T14:24:48 EDT" time="83.114" errors="0">
  <testcase name="Associations_Add_001" time="83.114" classname="com.eisrem.testCases.Module_People.People_Associations_Test"/>
  <system-out/>
</testsuite> <!-- com.eisrem.testCases.Module_People.People_Associations_Test -->
