<?xml version="1.0" encoding="UTF-8"?>
<!-- Generated by org.testng.reporters.JUnitReportReporter -->
<testsuite skipped="0" hostname="OIT-CT1ALTMARIF" name="com.eisrem.testCases.Release2022.TC_BHOPS_11356_Sort_Question_Answers_Alpha" tests="1" failures="0" timestamp="2022-04-29T11:39:44 EDT" time="147.347" errors="0">
  <testcase name="TC_BHOPS_11356_Sort_Question_Answers_Alpha_001" time="147.347" classname="com.eisrem.testCases.Release2022.TC_BHOPS_11356_Sort_Question_Answers_Alpha"/>
  <system-out/>
</testsuite> <!-- com.eisrem.testCases.Release2022.TC_BHOPS_11356_Sort_Question_Answers_Alpha -->
