<?xml version="1.0" encoding="UTF-8"?>
<!-- Generated by org.testng.reporters.JUnitReportReporter -->
<testsuite skipped="0" hostname="OIT-CT1ALTMARIF" name="com.eisrem.testCases.Release2022.TC_BHOPS_12461_Referrals_Services_Add_Edit_View" tests="3" failures="0" timestamp="2022-06-29T16:12:56 EDT" time="163.788" errors="0">
  <testcase name="TC_ReferralsServices_Add_001" time="73.665" classname="com.eisrem.testCases.Release2022.TC_BHOPS_12461_Referrals_Services_Add_Edit_View"/>
  <system-out/>
  <testcase name="TC_ReferralsServices_Edit_001" time="46.921" classname="com.eisrem.testCases.Release2022.TC_BHOPS_12461_Referrals_Services_Add_Edit_View"/>
  <system-out/>
  <testcase name="TC_ReferralsServices_View_001" time="43.202" classname="com.eisrem.testCases.Release2022.TC_BHOPS_12461_Referrals_Services_Add_Edit_View"/>
  <system-out/>
</testsuite> <!-- com.eisrem.testCases.Release2022.TC_BHOPS_12461_Referrals_Services_Add_Edit_View -->
