<?xml version="1.0" encoding="UTF-8"?>
<!-- Generated by org.testng.reporters.JUnitReportReporter -->
<testsuite skipped="0" hostname="OIT-CT1ALTMARIF" name="com.eisrem.testCases.Module_MyHomePage.TC_MyHomePage_Banner" tests="1" failures="0" timestamp="2022-06-30T10:10:02 EDT" time="97.128" errors="0">
  <testcase name="TC_MyHomePage_Banner_001" time="97.128" classname="com.eisrem.testCases.Module_MyHomePage.TC_MyHomePage_Banner"/>
  <system-out/>
</testsuite> <!-- com.eisrem.testCases.Module_MyHomePage.TC_MyHomePage_Banner -->
