<?xml version="1.0" encoding="UTF-8"?>
<!-- Generated by org.testng.reporters.JUnitReportReporter -->
<testsuite skipped="0" hostname="OIT-CT1ALTMARIF" name="com.eisrem.testCases.Release2022.TC_BHOPS_11905_Conducted_Type_Print_Button_Validation" tests="1" failures="0" timestamp="2022-07-07T16:31:50 EDT" time="90.099" errors="0">
  <testcase name="Conducted_Type_Print_AfterCheck" time="90.099" classname="com.eisrem.testCases.Release2022.TC_BHOPS_11905_Conducted_Type_Print_Button_Validation"/>
  <system-out/>
</testsuite> <!-- com.eisrem.testCases.Release2022.TC_BHOPS_11905_Conducted_Type_Print_Button_Validation -->
