<?xml version="1.0" encoding="UTF-8"?>
<!-- Generated by org.testng.reporters.JUnitReportReporter -->
<testsuite skipped="0" hostname="OIT-CT1ALTMARIF" name="com.eisrem.testCases.Module_MyHomePage.TC_Datepicker_Icon" tests="1" failures="0" timestamp="2022-06-30T17:04:40 EDT" time="39.528" errors="0">
  <testcase name="TC_Datepicker_Icon_001" time="39.528" classname="com.eisrem.testCases.Module_MyHomePage.TC_Datepicker_Icon"/>
  <system-out/>
</testsuite> <!-- com.eisrem.testCases.Module_MyHomePage.TC_Datepicker_Icon -->
