<?xml version="1.0" encoding="UTF-8"?>
<!-- Generated by org.testng.reporters.JUnitReportReporter -->
<testsuite skipped="0" hostname="OIT-CT1ALTMARIF" name="com.eisrem.testCases.Module_People.People_Address_Test" tests="1" failures="0" timestamp="2022-05-25T15:30:49 EDT" time="92.457" errors="0">
  <testcase name="Address_Add_001" time="92.457" classname="com.eisrem.testCases.Module_People.People_Address_Test"/>
  <system-out/>
</testsuite> <!-- com.eisrem.testCases.Module_People.People_Address_Test -->
