<?xml version="1.0" encoding="UTF-8"?>
<!-- Generated by org.testng.reporters.JUnitReportReporter -->
<testsuite skipped="0" hostname="OIT-CT1ALTMARIF" name="com.eisrem.testCases.Module_MyHomePage.TC_MyHomePage_Header_Functionality" tests="1" failures="0" timestamp="2022-07-01T09:50:10 EDT" time="26.994" errors="0">
  <testcase name="TC_MyHomePage_Manage_001" time="26.994" classname="com.eisrem.testCases.Module_MyHomePage.TC_MyHomePage_Header_Functionality"/>
  <system-out/>
</testsuite> <!-- com.eisrem.testCases.Module_MyHomePage.TC_MyHomePage_Header_Functionality -->
