<?xml version="1.0" encoding="UTF-8"?>
<!-- Generated by org.testng.reporters.JUnitReportReporter -->
<testsuite skipped="0" hostname="OIT-CT1ALTMARIF" name="com.eisrem.testCases.Business.Module_Administrator.Admin_Administrator_Messages" tests="8" failures="0" timestamp="2022-06-28T16:45:09 EDT" time="1132.870" errors="0">
  <testcase name="Add_Warning_Message" time="105.628" classname="com.eisrem.testCases.Business.Module_Administrator.Admin_Administrator_Messages"/>
  <system-out/>
  <testcase name="Edit_Warning_Message" time="147.936" classname="com.eisrem.testCases.Business.Module_Administrator.Admin_Administrator_Messages"/>
  <system-out/>
  <testcase name="End_Date_Warning_Message" time="184.718" classname="com.eisrem.testCases.Business.Module_Administrator.Admin_Administrator_Messages"/>
  <system-out/>
  <testcase name="Add_Notification_Message" time="104.481" classname="com.eisrem.testCases.Business.Module_Administrator.Admin_Administrator_Messages"/>
  <system-out/>
  <testcase name="Edit_Notification_Message" time="142.092" classname="com.eisrem.testCases.Business.Module_Administrator.Admin_Administrator_Messages"/>
  <system-out/>
  <testcase name="End_Date_Notification_Message" time="180.081" classname="com.eisrem.testCases.Business.Module_Administrator.Admin_Administrator_Messages"/>
  <system-out/>
  <testcase name="Add_Warning_Internal" time="133.949" classname="com.eisrem.testCases.Business.Module_Administrator.Admin_Administrator_Messages"/>
  <system-out/>
  <testcase name="Add_Notification_Internal" time="133.985" classname="com.eisrem.testCases.Business.Module_Administrator.Admin_Administrator_Messages"/>
  <system-out/>
</testsuite> <!-- com.eisrem.testCases.Business.Module_Administrator.Admin_Administrator_Messages -->
