<?xml version="1.0" encoding="UTF-8"?>
<!-- Generated by org.testng.reporters.JUnitReportReporter -->
<testsuite skipped="0" hostname="OIT-CT1ALTMARIF" name="com.eisrem.testCases.Module_Administrator.TC_Role_Name_Caps" tests="1" failures="0" timestamp="2022-07-04T09:36:15 EDT" time="73.859" errors="0">
  <testcase name="TC_Role_Name_Caps_001" time="73.859" classname="com.eisrem.testCases.Module_Administrator.TC_Role_Name_Caps"/>
  <system-out/>
</testsuite> <!-- com.eisrem.testCases.Module_Administrator.TC_Role_Name_Caps -->
