<?xml version="1.0" encoding="UTF-8"?>
<!-- Generated by org.testng.reporters.JUnitReportReporter -->
<testsuite skipped="0" hostname="OIT-CT1ALTMARIF" name="com.eisrem.testCases.Module_Organization.TC_Organization_Users_End_Date_Location" tests="1" failures="0" timestamp="2022-05-09T16:40:35 EDT" time="214.322" errors="0">
  <testcase name="TC_Organization_Users_End_Date_Location_001" time="214.322" classname="com.eisrem.testCases.Module_Organization.TC_Organization_Users_End_Date_Location"/>
  <system-out/>
</testsuite> <!-- com.eisrem.testCases.Module_Organization.TC_Organization_Users_End_Date_Location -->
