<?xml version="1.0" encoding="UTF-8"?>
<!-- Generated by org.testng.reporters.JUnitReportReporter -->
<testsuite skipped="0" hostname="OIT-CT1ALTMARIF" name="com.eisrem.testCases.Business.Module_Administrator.Admin_Notifications_Test" tests="1" failures="0" timestamp="2022-07-07T14:06:11 EDT" time="587.479" errors="0">
  <testcase name="Forward_Notifications" time="587.479" classname="com.eisrem.testCases.Business.Module_Administrator.Admin_Notifications_Test"/>
  <system-out/>
</testsuite> <!-- com.eisrem.testCases.Business.Module_Administrator.Admin_Notifications_Test -->
