<?xml version="1.0" encoding="UTF-8"?>
<!-- Generated by org.testng.reporters.JUnitReportReporter -->
<testsuite skipped="0" hostname="OIT-CT1ALTMARIF" name="com.eisrem.testCases.Business.Module_ReportableEvents.ReportableEvents_Add_Edit_View" tests="4" failures="0" timestamp="2022-07-07T15:41:16 EDT" time="944.077" errors="0">
  <testcase name="ReportableEventsBackToList" time="233.631" classname="com.eisrem.testCases.Business.Module_ReportableEvents.ReportableEvents_Add_Edit_View"/>
  <system-out/>
  <testcase name="ReportableEventsBackToPeople" time="232.134" classname="com.eisrem.testCases.Business.Module_ReportableEvents.ReportableEvents_Add_Edit_View"/>
  <system-out/>
  <testcase name="ReportableEventEditFunctionalityCheck" time="253.662" classname="com.eisrem.testCases.Business.Module_ReportableEvents.ReportableEvents_Add_Edit_View"/>
  <system-out/>
  <testcase name="ReportableEventViewFunctionalityCheck" time="224.650" classname="com.eisrem.testCases.Business.Module_ReportableEvents.ReportableEvents_Add_Edit_View"/>
  <system-out/>
</testsuite> <!-- com.eisrem.testCases.Business.Module_ReportableEvents.ReportableEvents_Add_Edit_View -->
