<?xml version="1.0" encoding="UTF-8"?>
<!-- Generated by org.testng.reporters.JUnitReportReporter -->
<testsuite skipped="0" hostname="OIT-CT1ALTMARIF" name="com.eisrem.testCases.Release2021.TC_BHOPS_11397_Name_Fields_Popover_Check" tests="1" failures="0" timestamp="2022-07-05T14:39:40 EDT" time="60.268" errors="0">
  <testcase name="Popover_Check" time="60.268" classname="com.eisrem.testCases.Release2021.TC_BHOPS_11397_Name_Fields_Popover_Check"/>
  <system-out/>
</testsuite> <!-- com.eisrem.testCases.Release2021.TC_BHOPS_11397_Name_Fields_Popover_Check -->
