<?xml version="1.0" encoding="UTF-8"?>
<!-- Generated by org.testng.reporters.JUnitReportReporter -->
<testsuite skipped="0" hostname="OIT-CT1ALTMARIF" name="com.eisrem.testCases.Business.Module_People.People_Ending_Address" tests="1" failures="0" timestamp="2022-06-09T11:16:41 EDT" time="129.694" errors="0">
  <testcase name="TC_People_Autoending_Address" time="129.694" classname="com.eisrem.testCases.Business.Module_People.People_Ending_Address"/>
  <system-out/>
</testsuite> <!-- com.eisrem.testCases.Business.Module_People.People_Ending_Address -->
