<?xml version="1.0" encoding="UTF-8"?>
<!-- Generated by org.testng.reporters.JUnitReportReporter -->
<testsuite skipped="0" hostname="OIT-CT1ALTMARIF" name="com.eisrem.testCases.Release2021.TC_BHOPS_11849_Forgot_Password_Page_Error_Msg" tests="1" failures="0" timestamp="2022-06-15T17:09:34 EDT" time="35.217" errors="0">
  <testcase name="TC_Login_Forgot_Password_001" time="35.217" classname="com.eisrem.testCases.Release2021.TC_BHOPS_11849_Forgot_Password_Page_Error_Msg"/>
  <system-out/>
</testsuite> <!-- com.eisrem.testCases.Release2021.TC_BHOPS_11849_Forgot_Password_Page_Error_Msg -->
