<?xml version="1.0" encoding="UTF-8"?>
<!-- Generated by org.testng.reporters.JUnitReportReporter -->
<testsuite skipped="0" hostname="OIT-CT1ALTMARIF" name="com.eisrem.testCases.Module_MyHomePage.TC_MyHomePage_Add_Client" tests="1" failures="0" timestamp="2022-07-04T11:07:29 EDT" time="46.726" errors="0">
  <testcase name="TC_MyHomePage_Add_Client_001" time="46.726" classname="com.eisrem.testCases.Module_MyHomePage.TC_MyHomePage_Add_Client"/>
  <system-out/>
</testsuite> <!-- com.eisrem.testCases.Module_MyHomePage.TC_MyHomePage_Add_Client -->
