<?xml version="1.0" encoding="UTF-8"?>
<!-- Generated by org.testng.reporters.JUnitReportReporter -->
<testsuite skipped="0" hostname="OIT-CT1ALTMARIF" name="com.eisrem.testCases.Release2021.TC_BHOPS_12002_Org_Future_End_Date_User_Still_Active" tests="1" failures="0" timestamp="2022-06-09T11:43:58 EDT" time="110.715" errors="0">
  <testcase name="TC_Org_Future_End_Date_User_Still_Active" time="110.715" classname="com.eisrem.testCases.Release2021.TC_BHOPS_12002_Org_Future_End_Date_User_Still_Active"/>
  <system-out/>
</testsuite> <!-- com.eisrem.testCases.Release2021.TC_BHOPS_12002_Org_Future_End_Date_User_Still_Active -->
