<?xml version="1.0" encoding="UTF-8"?>
<!-- Generated by org.testng.reporters.JUnitReportReporter -->
<testsuite skipped="0" hostname="OIT-CT1ALTMARIF" name="com.eisrem.testCases.Business.Module_Organization.Org_End_Dating" tests="1" failures="0" timestamp="2022-07-07T15:24:23 EDT" time="484.670" errors="0">
  <testcase name="End_Dating_Org_Location" time="484.670" classname="com.eisrem.testCases.Business.Module_Organization.Org_End_Dating"/>
  <system-out/>
</testsuite> <!-- com.eisrem.testCases.Business.Module_Organization.Org_End_Dating -->
