<?xml version="1.0" encoding="UTF-8"?>
<!-- Generated by org.testng.reporters.JUnitReportReporter -->
<testsuite skipped="0" hostname="OIT-CT1ALTMARIF" name="com.eisrem.testCases.Module_People.TC_ErrorChk_Existing_Types_001" tests="1" failures="0" timestamp="2022-05-27T12:00:52 EDT" time="134.752" errors="0">
  <testcase name="TC_People_Associations_Existing_Assoc_ErrorChk_001" time="134.752" classname="com.eisrem.testCases.Module_People.TC_ErrorChk_Existing_Types_001"/>
  <system-out/>
</testsuite> <!-- com.eisrem.testCases.Module_People.TC_ErrorChk_Existing_Types_001 -->
