<?xml version="1.0" encoding="UTF-8"?>
<!-- Generated by org.testng.reporters.JUnitReportReporter -->
<testsuite skipped="0" hostname="OIT-CT1ALTMARIF" name="com.eisrem.testCases.Module_People.TC_Identifiers_Modified_Date_Changes_On_Edits" tests="1" failures="0" timestamp="2022-07-04T12:47:22 EDT" time="285.722" errors="0">
  <testcase name="TC_Identifiers_Modified_Date_Changes_On_Edits_1" time="285.722" classname="com.eisrem.testCases.Module_People.TC_Identifiers_Modified_Date_Changes_On_Edits"/>
  <system-out/>
</testsuite> <!-- com.eisrem.testCases.Module_People.TC_Identifiers_Modified_Date_Changes_On_Edits -->
