<?xml version="1.0" encoding="UTF-8"?>
<!-- Generated by org.testng.reporters.JUnitReportReporter -->
<testsuite skipped="0" hostname="OIT-CT1ALTMARIF" name="com.eisrem.testCases.Release2022.TC_BHOPS_12323_Location_Addresses_Auto_End_Date_SameType" tests="1" failures="0" timestamp="2022-06-09T15:51:10 EDT" time="131.100" errors="0">
  <testcase name="TC_Location_Addresses_Auto_End_Date_SameType_001" time="131.100" classname="com.eisrem.testCases.Release2022.TC_BHOPS_12323_Location_Addresses_Auto_End_Date_SameType"/>
  <system-out/>
</testsuite> <!-- com.eisrem.testCases.Release2022.TC_BHOPS_12323_Location_Addresses_Auto_End_Date_SameType -->
