<?xml version="1.0" encoding="UTF-8"?>
<!-- Generated by org.testng.reporters.JUnitReportReporter -->
<testsuite skipped="0" hostname="OIT-CT1ALTMARIF" name="com.eisrem.testCases.Release2021.TC_BHOPS_11859_Notifications_Equal_Value" tests="1" failures="0" timestamp="2022-07-07T16:26:56 EDT" time="688.285" errors="0">
  <testcase name="TC_BHOPS_11859_Notifications_Equal_Value_001" time="688.285" classname="com.eisrem.testCases.Release2021.TC_BHOPS_11859_Notifications_Equal_Value"/>
  <system-out/>
</testsuite> <!-- com.eisrem.testCases.Release2021.TC_BHOPS_11859_Notifications_Equal_Value -->
