<?xml version="1.0" encoding="UTF-8"?>
<!-- Generated by org.testng.reporters.JUnitReportReporter -->
<testsuite skipped="0" hostname="OIT-CT1ALTMARIF" name="com.eisrem.testCases.Business.Module_Administrator.Admin_Types_Test" tests="1" failures="0" timestamp="2022-07-07T14:32:16 EDT" time="463.156" errors="0">
  <testcase name="Types_Required_Page" time="463.156" classname="com.eisrem.testCases.Business.Module_Administrator.Admin_Types_Test"/>
  <system-out/>
</testsuite> <!-- com.eisrem.testCases.Business.Module_Administrator.Admin_Types_Test -->
