<?xml version="1.0" encoding="UTF-8"?>
<!-- Generated by org.testng.reporters.JUnitReportReporter -->
<testsuite skipped="0" hostname="OIT-CT1ALTMARIF" name="com.eisrem.testCases.Module_Administrator.Add.AddNotificationsPageTest" tests="1" failures="0" timestamp="2022-06-20T10:11:10 EDT" time="157.301" errors="0">
  <testcase name="AddNotificationsPageTitlesCheck" time="157.301" classname="com.eisrem.testCases.Module_Administrator.Add.AddNotificationsPageTest"/>
  <system-out/>
</testsuite> <!-- com.eisrem.testCases.Module_Administrator.Add.AddNotificationsPageTest -->
