<?xml version="1.0" encoding="UTF-8"?>
<!-- Generated by org.testng.reporters.JUnitReportReporter -->
<testsuite skipped="0" hostname="OIT-CT1ALTMARIF" name="com.eisrem.testCases.Business.Module_Organization.Add_Org_Staff" tests="1" failures="0" timestamp="2022-05-27T17:09:11 EDT" time="245.562" errors="0">
  <testcase name="Verify_Provider_Staff_Access" time="245.562" classname="com.eisrem.testCases.Business.Module_Organization.Add_Org_Staff"/>
  <system-out/>
</testsuite> <!-- com.eisrem.testCases.Business.Module_Organization.Add_Org_Staff -->
