<?xml version="1.0" encoding="UTF-8"?>
<!-- Generated by org.testng.reporters.JUnitReportReporter -->
<testsuite skipped="0" hostname="OIT-CT1ALTMARIF" name="com.eisrem.testCases.Module_Administrator.TC_BHOPS_11458_Notifications_Criteria_Is_Related_Check" tests="1" failures="0" timestamp="2022-05-16T13:57:38 EDT" time="63.362" errors="0">
  <testcase name="TC_Notifications_Criteria_Is_Related_Check_001" time="63.362" classname="com.eisrem.testCases.Module_Administrator.TC_BHOPS_11458_Notifications_Criteria_Is_Related_Check"/>
  <system-out/>
</testsuite> <!-- com.eisrem.testCases.Module_Administrator.TC_BHOPS_11458_Notifications_Criteria_Is_Related_Check -->
