<?xml version="1.0" encoding="UTF-8"?>
<!-- Generated by org.testng.reporters.JUnitReportReporter -->
<testsuite skipped="0" hostname="OIT-CT1ALTMARIF" name="com.eisrem.testCases.Module_Administrator.Add.AddLookupsPageTest" tests="1" failures="0" timestamp="2022-06-20T10:05:59 EDT" time="89.587" errors="0">
  <testcase name="AddLookupsPageTitlesCheck" time="89.587" classname="com.eisrem.testCases.Module_Administrator.Add.AddLookupsPageTest"/>
  <system-out/>
</testsuite> <!-- com.eisrem.testCases.Module_Administrator.Add.AddLookupsPageTest -->
