<?xml version="1.0" encoding="UTF-8"?>
<!-- Generated by org.testng.reporters.JUnitReportReporter -->
<testsuite skipped="0" hostname="OIT-CT1ALTMARIF" name="com.eisrem.testCases.Module_People.TC_People_Identifiers_Medicaid_Change_Without_Event_Listener" tests="1" failures="0" timestamp="2022-05-10T11:17:56 EDT" time="39.829" errors="0">
  <testcase name="People_Identifiers_Medicaid_Change_Without_Event_Listener_001" time="39.829" classname="com.eisrem.testCases.Module_People.TC_People_Identifiers_Medicaid_Change_Without_Event_Listener"/>
  <system-out/>
</testsuite> <!-- com.eisrem.testCases.Module_People.TC_People_Identifiers_Medicaid_Change_Without_Event_Listener -->
