<?xml version="1.0" encoding="UTF-8"?>
<!-- Generated by org.testng.reporters.JUnitReportReporter -->
<testsuite skipped="0" hostname="OIT-CT1ALTMARIF" name="com.eisrem.testCases.Module_MyHomePage.MyHomePageTest" tests="1" failures="0" timestamp="2022-06-20T11:33:11 EDT" time="91.246" errors="0">
  <testcase name="MyHomePageTitleCheck" time="91.246" classname="com.eisrem.testCases.Module_MyHomePage.MyHomePageTest"/>
  <system-out/>
</testsuite> <!-- com.eisrem.testCases.Module_MyHomePage.MyHomePageTest -->
