<?xml version="1.0" encoding="UTF-8"?>
<!-- Generated by org.testng.reporters.JUnitReportReporter -->
<testsuite skipped="0" hostname="OIT-CT1ALTMARIF" name="com.eisrem.testCases.Release2022.TC_BHOPS_11321_People_Classes_Special_Accommodations" tests="1" failures="0" timestamp="2022-05-05T15:35:05 EDT" time="183.332" errors="0">
  <testcase name="TC_BHOPS_11321_People_Classes_Special_Accommodations_1" time="183.332" classname="com.eisrem.testCases.Release2022.TC_BHOPS_11321_People_Classes_Special_Accommodations"/>
  <system-out/>
</testsuite> <!-- com.eisrem.testCases.Release2022.TC_BHOPS_11321_People_Classes_Special_Accommodations -->
