<?xml version="1.0" encoding="UTF-8"?>
<!-- Generated by org.testng.reporters.JUnitReportReporter -->
<testsuite skipped="0" hostname="OIT-CT1ALTMARIF" name="com.eisrem.testCases.Release2022.TC_BHOPS_11575_Pages_Questions_Answer_Disabled" tests="1" failures="0" timestamp="2022-05-05T17:10:40 EDT" time="60.596" errors="0">
  <testcase name="TC_Pages_Questions_Answer_Disabled" time="60.596" classname="com.eisrem.testCases.Release2022.TC_BHOPS_11575_Pages_Questions_Answer_Disabled"/>
  <system-out/>
</testsuite> <!-- com.eisrem.testCases.Release2022.TC_BHOPS_11575_Pages_Questions_Answer_Disabled -->
