<?xml version="1.0" encoding="UTF-8"?>
<!-- Generated by org.testng.reporters.JUnitReportReporter -->
<testsuite skipped="0" hostname="OIT-CT1ALTMARIF" name="com.eisrem.testCases.Module_Admin.TC_BHOPS_11227_Login_Forgot_Username" tests="1" failures="0" timestamp="2022-06-13T11:27:44 EDT" time="88.485" errors="0">
  <testcase name="TC_Login_Forgot_Username_001" time="88.485" classname="com.eisrem.testCases.Module_Admin.TC_BHOPS_11227_Login_Forgot_Username"/>
  <system-out/>
</testsuite> <!-- com.eisrem.testCases.Module_Admin.TC_BHOPS_11227_Login_Forgot_Username -->
