<?xml version="1.0" encoding="UTF-8"?>
<!-- Generated by org.testng.reporters.JUnitReportReporter -->
<testsuite skipped="0" hostname="OIT-CT1ALTMARIF" name="com.eisrem.testCases.Release2021.TC_BHOPS_10953_Pages_View_Preview_TestForm" tests="1" failures="0" timestamp="2022-06-09T11:38:16 EDT" time="41.268" errors="0">
  <testcase name="TC_Pages_View_Preview" time="41.268" classname="com.eisrem.testCases.Release2021.TC_BHOPS_10953_Pages_View_Preview_TestForm"/>
  <system-out/>
</testsuite> <!-- com.eisrem.testCases.Release2021.TC_BHOPS_10953_Pages_View_Preview_TestForm -->
