<?xml version="1.0" encoding="UTF-8"?>
<!-- Generated by org.testng.reporters.JUnitReportReporter -->
<testsuite skipped="0" hostname="OIT-CT1ALTMARIF" name="com.eisrem.testCases.Release2022.TC_BHOPS_11916_People_Diagnosis_Active_Entry" tests="1" failures="0" timestamp="2022-06-09T16:02:13 EDT" time="209.438" errors="0">
  <testcase name="TC_BHOPS_11916_People_Diagnosis_Active_Entry" time="209.438" classname="com.eisrem.testCases.Release2022.TC_BHOPS_11916_People_Diagnosis_Active_Entry"/>
  <system-out/>
</testsuite> <!-- com.eisrem.testCases.Release2022.TC_BHOPS_11916_People_Diagnosis_Active_Entry -->
