<?xml version="1.0" encoding="UTF-8"?>
<!-- Generated by org.testng.reporters.JUnitReportReporter -->
<testsuite skipped="0" hostname="OIT-CT1ALTMARIF" name="com.eisrem.testCases.Module_Organization.Org_Reset_Password_Email" tests="1" failures="0" timestamp="2022-03-18T16:21:10 EDT" time="121.721" errors="0">
  <testcase name="Org_Reset_Password" time="121.721" classname="com.eisrem.testCases.Module_Organization.Org_Reset_Password_Email"/>
  <system-out/>
</testsuite> <!-- com.eisrem.testCases.Module_Organization.Org_Reset_Password_Email -->
