<?xml version="1.0" encoding="UTF-8"?>
<!-- Generated by org.testng.reporters.JUnitReportReporter -->
<testsuite skipped="0" hostname="OIT-CT1ALTMARIF" name="com.eisrem.testCases.Module_Organization.TC_Users_ActiveStaff_Confirmation_001" tests="1" failures="0" timestamp="2022-05-16T16:05:23 EDT" time="73.514" errors="0">
  <testcase name="TC_User_ActiveStaff_Confirmation_001" time="73.514" classname="com.eisrem.testCases.Module_Organization.TC_Users_ActiveStaff_Confirmation_001"/>
  <system-out/>
</testsuite> <!-- com.eisrem.testCases.Module_Organization.TC_Users_ActiveStaff_Confirmation_001 -->
