<?xml version="1.0" encoding="UTF-8"?>
<!-- Generated by org.testng.reporters.JUnitReportReporter -->
<testsuite skipped="0" hostname="OIT-CT1ALTMARIF" name="com.eisrem.testCases.Business.Module_People.People_Misc_Tests" tests="1" failures="0" timestamp="2022-06-09T11:19:35 EDT" time="31.541" errors="0">
  <testcase name="Logout_Test" time="31.541" classname="com.eisrem.testCases.Business.Module_People.People_Misc_Tests"/>
  <system-out/>
</testsuite> <!-- com.eisrem.testCases.Business.Module_People.People_Misc_Tests -->
