<?xml version="1.0" encoding="UTF-8"?>
<!-- Generated by org.testng.reporters.JUnitReportReporter -->
<testsuite skipped="0" hostname="OIT-CT1ALTMARIF" name="com.eisrem.testCases.Module_Admin.TC_Login_Timeout" tests="1" failures="0" timestamp="2022-06-13T14:48:52 EDT" time="34.112" errors="0">
  <testcase name="TC_Login_Timeout_001" time="34.112" classname="com.eisrem.testCases.Module_Admin.TC_Login_Timeout"/>
  <system-out/>
</testsuite> <!-- com.eisrem.testCases.Module_Admin.TC_Login_Timeout -->
