<?xml version="1.0" encoding="UTF-8"?>
<!-- Generated by org.testng.reporters.JUnitReportReporter -->
<testsuite skipped="0" hostname="OIT-CT1ALTMARIF" name="com.eisrem.testCases.Module_MyHomePage.TC_MyClients_Medicaid_Check" tests="1" failures="0" timestamp="2022-07-04T11:01:37 EDT" time="169.813" errors="0">
  <testcase name="TC_MyClients_Medicaid_Check_001" time="169.813" classname="com.eisrem.testCases.Module_MyHomePage.TC_MyClients_Medicaid_Check"/>
  <system-out/>
</testsuite> <!-- com.eisrem.testCases.Module_MyHomePage.TC_MyClients_Medicaid_Check -->
