<?xml version="1.0" encoding="UTF-8"?>
<!-- Generated by org.testng.reporters.JUnitReportReporter -->
<testsuite skipped="0" hostname="OIT-CT1ALTMARIF" name="com.eisrem.testCases.Module_Administrator.TC_Role_Questions_Add_Role" tests="1" failures="0" timestamp="2022-03-28T14:57:40 EDT" time="75.517" errors="0">
  <testcase name="Role_Question_Add_Role_001" time="75.517" classname="com.eisrem.testCases.Module_Administrator.TC_Role_Questions_Add_Role"/>
  <system-out/>
</testsuite> <!-- com.eisrem.testCases.Module_Administrator.TC_Role_Questions_Add_Role -->
