<?xml version="1.0" encoding="UTF-8"?>
<!-- Generated by org.testng.reporters.JUnitReportReporter -->
<testsuite skipped="0" hostname="OIT-CT1ALTMARIF" name="com.eisrem.testCases.Release2022.TC_BHOPS_12405_Organization_Users_Additional_Location_SP_Check" tests="1" failures="0" timestamp="2022-07-07T16:52:08 EDT" time="101.624" errors="0">
  <testcase name="TC_Additional_Location_SP_Check" time="101.624" classname="com.eisrem.testCases.Release2022.TC_BHOPS_12405_Organization_Users_Additional_Location_SP_Check"/>
  <system-out/>
</testsuite> <!-- com.eisrem.testCases.Release2022.TC_BHOPS_12405_Organization_Users_Additional_Location_SP_Check -->
