<?xml version="1.0" encoding="UTF-8"?>
<!-- Generated by org.testng.reporters.JUnitReportReporter -->
<testsuite skipped="0" hostname="OIT-CT1ALTMARIF" name="com.eisrem.testCases.Release2022.TC_BHOPS_11850_Related_Question_Restriction" tests="1" failures="0" timestamp="2022-06-09T15:47:54 EDT" time="177.936" errors="0">
  <testcase name="TC_Related_Question_Restriction" time="177.936" classname="com.eisrem.testCases.Release2022.TC_BHOPS_11850_Related_Question_Restriction"/>
  <system-out/>
</testsuite> <!-- com.eisrem.testCases.Release2022.TC_BHOPS_11850_Related_Question_Restriction -->
