<?xml version="1.0" encoding="UTF-8"?>
<!-- Generated by org.testng.reporters.JUnitReportReporter -->
<testsuite skipped="0" hostname="OIT-CT1ALTMARIF" name="com.eisrem.testCases.Release2021.TC_BHOPS_11433_Conducted_Types_Error_Message" tests="2" failures="0" timestamp="2022-07-07T15:59:44 EDT" time="238.663" errors="0">
  <testcase name="TC_Conducted_Types_Error_Check_People" time="102.122" classname="com.eisrem.testCases.Release2021.TC_BHOPS_11433_Conducted_Types_Error_Message"/>
  <system-out/>
  <testcase name="TC_Conducted_Types_Error_Check_Location" time="136.541" classname="com.eisrem.testCases.Release2021.TC_BHOPS_11433_Conducted_Types_Error_Message"/>
  <system-out/>
</testsuite> <!-- com.eisrem.testCases.Release2021.TC_BHOPS_11433_Conducted_Types_Error_Message -->
