<?xml version="1.0" encoding="UTF-8"?>
<!-- Generated by org.testng.reporters.JUnitReportReporter -->
<testsuite skipped="0" hostname="OIT-CT1ALTMARIF" name="com.eisrem.testCases.Module_Search.TC_Search_Conducted_Type" tests="1" failures="0" timestamp="2022-06-20T15:52:49 EDT" time="164.694" errors="0">
  <testcase name="TC_Search_Conducted_Types_Submit_Range_001" time="164.694" classname="com.eisrem.testCases.Module_Search.TC_Search_Conducted_Type"/>
  <system-out/>
</testsuite> <!-- com.eisrem.testCases.Module_Search.TC_Search_Conducted_Type -->
