<?xml version="1.0" encoding="UTF-8"?>
<!-- Generated by org.testng.reporters.JUnitReportReporter -->
<testsuite skipped="0" hostname="OIT-CT1ALTMARIF" name="com.eisrem.testCases.Module_Administrator.Add.AddTypesPageTest" tests="1" failures="0" timestamp="2022-06-20T10:18:18 EDT" time="97.839" errors="0">
  <testcase name="AddTypesPageTitlesCheck" time="97.839" classname="com.eisrem.testCases.Module_Administrator.Add.AddTypesPageTest"/>
  <system-out/>
</testsuite> <!-- com.eisrem.testCases.Module_Administrator.Add.AddTypesPageTest -->
