<?xml version="1.0" encoding="UTF-8"?>
<!-- Generated by org.testng.reporters.JUnitReportReporter -->
<testsuite skipped="0" hostname="OIT-CT1ALTMARIF" name="com.eisrem.testCases.Module_Administrator.TC_Types_Add_Edit_View" tests="1" failures="0" timestamp="2022-07-04T10:05:25 EDT" time="174.458" errors="0">
  <testcase name="TC_Types_Add_Triggered_Page_Questions_Answers_001" time="174.458" classname="com.eisrem.testCases.Module_Administrator.TC_Types_Add_Edit_View"/>
  <system-out/>
</testsuite> <!-- com.eisrem.testCases.Module_Administrator.TC_Types_Add_Edit_View -->
