<?xml version="1.0" encoding="UTF-8"?>
<!-- Generated by org.testng.reporters.JUnitReportReporter -->
<testsuite skipped="0" hostname="OIT-CT1ALTMARIF" name="com.eisrem.testCases.Release2022.TC_BHOPS_12189_Document_Search_Conducted_Type" tests="1" failures="0" timestamp="2022-07-07T16:38:42 EDT" time="346.635" errors="0">
  <testcase name="TC_People_Documents_User_Access" time="346.635" classname="com.eisrem.testCases.Release2022.TC_BHOPS_12189_Document_Search_Conducted_Type"/>
  <system-out/>
</testsuite> <!-- com.eisrem.testCases.Release2022.TC_BHOPS_12189_Document_Search_Conducted_Type -->
