<?xml version="1.0" encoding="UTF-8"?>
<!-- Generated by org.testng.reporters.JUnitReportReporter -->
<testsuite skipped="0" hostname="OIT-CT1ALTMARIF" name="com.eisrem.testCases.Release2022.TC_BHOPS_12241_Prevent_Edit_Locked_Form_By_Role" tests="1" failures="0" timestamp="2022-07-07T16:49:53 EDT" time="393.206" errors="0">
  <testcase name="TC_Disabled_Locked_Form_By_Role" time="393.206" classname="com.eisrem.testCases.Release2022.TC_BHOPS_12241_Prevent_Edit_Locked_Form_By_Role"/>
  <system-out/>
</testsuite> <!-- com.eisrem.testCases.Release2022.TC_BHOPS_12241_Prevent_Edit_Locked_Form_By_Role -->
