<?xml version="1.0" encoding="UTF-8"?>
<!-- Generated by org.testng.reporters.JUnitReportReporter -->
<testsuite skipped="0" hostname="OIT-CT1ALTMARIF" name="com.eisrem.testCases.Module_People.People_OtherNames_Test" tests="4" failures="0" timestamp="2022-06-27T12:35:32 EDT" time="274.934" errors="0">
  <testcase name="OtherNames_Add_001" time="55.182" classname="com.eisrem.testCases.Module_People.People_OtherNames_Test"/>
  <system-out/>
  <testcase name="OtherNames_Edit_001" time="75.574" classname="com.eisrem.testCases.Module_People.People_OtherNames_Test"/>
  <system-out/>
  <testcase name="OtherNames_View_001" time="64.411" classname="com.eisrem.testCases.Module_People.People_OtherNames_Test"/>
  <system-out/>
  <testcase name="OtherNames_Record_Format_001" time="79.767" classname="com.eisrem.testCases.Module_People.People_OtherNames_Test"/>
  <system-out/>
</testsuite> <!-- com.eisrem.testCases.Module_People.People_OtherNames_Test -->
