<?xml version="1.0" encoding="UTF-8"?>
<!-- Generated by org.testng.reporters.JUnitReportReporter -->
<testsuite skipped="0" hostname="OIT-CT1ALTMARIF" name="com.eisrem.testCases.Business.Module_Administrator.Admin_Pages_Test" tests="1" failures="0" timestamp="2022-06-03T17:03:09 EDT" time="199.336" errors="0">
  <testcase name="Copy_Page_1" time="199.336" classname="com.eisrem.testCases.Business.Module_Administrator.Admin_Pages_Test"/>
  <system-out/>
</testsuite> <!-- com.eisrem.testCases.Business.Module_Administrator.Admin_Pages_Test -->
