<?xml version="1.0" encoding="UTF-8"?>
<!-- Generated by org.testng.reporters.JUnitReportReporter -->
<testsuite skipped="0" hostname="OIT-CT1ALTMARIF" name="com.eisrem.testCases.Module_People.People_Diagnosis_Test" tests="1" failures="0" timestamp="2022-05-23T16:26:14 EDT" time="168.235" errors="0">
  <testcase name="Diagnosis_Edit_001" time="168.235" classname="com.eisrem.testCases.Module_People.People_Diagnosis_Test"/>
  <system-out/>
</testsuite> <!-- com.eisrem.testCases.Module_People.People_Diagnosis_Test -->
