<?xml version="1.0" encoding="UTF-8"?>
<!-- Generated by org.testng.reporters.JUnitReportReporter -->
<testsuite skipped="0" hostname="OIT-CT1ALTMARIF" name="com.eisrem.testCases.Module_Administrator.Add.AddRolePageTest" tests="1" failures="0" timestamp="2022-06-20T10:16:13 EDT" time="127.512" errors="0">
  <testcase name="AddRolePageTitlesCheck" time="127.512" classname="com.eisrem.testCases.Module_Administrator.Add.AddRolePageTest"/>
  <system-out/>
</testsuite> <!-- com.eisrem.testCases.Module_Administrator.Add.AddRolePageTest -->
