<?xml version="1.0" encoding="UTF-8"?>
<!-- Generated by org.testng.reporters.JUnitReportReporter -->
<testsuite skipped="0" hostname="OIT-CT1ALTMARIF" name="com.eisrem.testCases.Business.Module_QuickLinks.Quick_Links_Access_Check" tests="1" failures="0" timestamp="2022-06-09T09:21:11 EDT" time="38.544" errors="0">
  <testcase name="Quick_Links" time="38.544" classname="com.eisrem.testCases.Business.Module_QuickLinks.Quick_Links_Access_Check"/>
  <system-out/>
</testsuite> <!-- com.eisrem.testCases.Business.Module_QuickLinks.Quick_Links_Access_Check -->
