<?xml version="1.0" encoding="UTF-8"?>
<!-- Generated by org.testng.reporters.JUnitReportReporter -->
<testsuite skipped="0" hostname="OIT-CT1ALTMARIF" name="com.eisrem.testCases.Module_QuickLinks.QuickLinksPageTest" tests="1" failures="0" timestamp="2022-06-20T15:35:03 EDT" time="54.224" errors="0">
  <testcase name="DataTableTitleCheck" time="54.224" classname="com.eisrem.testCases.Module_QuickLinks.QuickLinksPageTest"/>
  <system-out/>
</testsuite> <!-- com.eisrem.testCases.Module_QuickLinks.QuickLinksPageTest -->
