<?xml version="1.0" encoding="UTF-8"?>
<!-- Generated by org.testng.reporters.JUnitReportReporter -->
<testsuite skipped="0" hostname="OIT-CT1ALTMARIF" name="com.eisrem.testCases.Module_Administrator.TC_Administrator_Auto_Close_Success_Popup" tests="1" failures="0" timestamp="2022-03-28T11:17:04 EDT" time="297.525" errors="0">
  <testcase name="TC_Administrator_Auto_Close_Success_Popup_Types_001" time="297.525" classname="com.eisrem.testCases.Module_Administrator.TC_Administrator_Auto_Close_Success_Popup"/>
  <system-out/>
</testsuite> <!-- com.eisrem.testCases.Module_Administrator.TC_Administrator_Auto_Close_Success_Popup -->
