<?xml version="1.0" encoding="UTF-8"?>
<!-- Generated by org.testng.reporters.JUnitReportReporter -->
<testsuite skipped="0" hostname="OIT-CT1ALTMARIF" name="com.eisrem.testCases.Business.Module_People.People_Diagnosis" tests="3" failures="0" timestamp="2022-05-31T09:57:21 EDT" time="349.183" errors="0">
  <testcase name="Add_Diagnosis" time="101.841" classname="com.eisrem.testCases.Business.Module_People.People_Diagnosis"/>
  <system-out/>
  <testcase name="Edit_Diagnosis" time="125.663" classname="com.eisrem.testCases.Business.Module_People.People_Diagnosis"/>
  <system-out/>
  <testcase name="End_Date_Diagnosis" time="121.679" classname="com.eisrem.testCases.Business.Module_People.People_Diagnosis"/>
  <system-out/>
</testsuite> <!-- com.eisrem.testCases.Business.Module_People.People_Diagnosis -->
