<?xml version="1.0" encoding="UTF-8"?>
<!-- Generated by org.testng.reporters.JUnitReportReporter -->
<testsuite skipped="0" hostname="OIT-CT1ALTMARIF" name="com.eisrem.testCases.Release2021.TC_BHOPS_11357_Lookup_Label_Sort" tests="1" failures="0" timestamp="2022-06-09T11:24:04 EDT" time="38.213" errors="0">
  <testcase name="LookupGroup_Add" time="38.213" classname="com.eisrem.testCases.Release2021.TC_BHOPS_11357_Lookup_Label_Sort"/>
  <system-out/>
</testsuite> <!-- com.eisrem.testCases.Release2021.TC_BHOPS_11357_Lookup_Label_Sort -->
