<?xml version="1.0" encoding="UTF-8"?>
<!-- Generated by org.testng.reporters.JUnitReportReporter -->
<testsuite skipped="0" hostname="OIT-CT1ALTMARIF" name="com.eisrem.testCases.Module_Organization.TC_Organization_Documents_Excel_001" tests="1" failures="0" timestamp="2022-07-01T11:58:43 EDT" time="33.024" errors="0">
  <testcase name="TC_Organization_Documents_Excel_001" time="33.024" classname="com.eisrem.testCases.Module_Organization.TC_Organization_Documents_Excel_001"/>
  <system-out/>
</testsuite> <!-- com.eisrem.testCases.Module_Organization.TC_Organization_Documents_Excel_001 -->
