<?xml version="1.0" encoding="UTF-8"?>
<!-- Generated by org.testng.reporters.JUnitReportReporter -->
<testsuite skipped="0" hostname="OIT-CT1ALTMARIF" name="com.eisrem.testCases.Module_Organization.TC_Organization_Documents_ServicePop_Check_001" tests="1" failures="0" timestamp="2022-06-13T13:54:27 EDT" time="87.040" errors="0">
  <testcase name="TC_Organization_Documents_ServicePop_Check" time="87.040" classname="com.eisrem.testCases.Module_Organization.TC_Organization_Documents_ServicePop_Check_001"/>
  <system-out/>
</testsuite> <!-- com.eisrem.testCases.Module_Organization.TC_Organization_Documents_ServicePop_Check_001 -->
