<?xml version="1.0" encoding="UTF-8"?>
<!-- Generated by org.testng.reporters.JUnitReportReporter -->
<testsuite skipped="0" hostname="OIT-CT1ALTMARIF" name="com.eisrem.testCases.Module_MyHomePage.TC_MyHomePage_No_Custom_Error_Msg" tests="1" failures="0" timestamp="2022-05-09T13:58:35 EDT" time="287.826" errors="0">
  <testcase name="TC_MyHomePage_No_Custom_Error_Msg_001" time="287.826" classname="com.eisrem.testCases.Module_MyHomePage.TC_MyHomePage_No_Custom_Error_Msg"/>
  <system-out/>
</testsuite> <!-- com.eisrem.testCases.Module_MyHomePage.TC_MyHomePage_No_Custom_Error_Msg -->
