<?xml version="1.0" encoding="UTF-8"?>
<!-- Generated by org.testng.reporters.JUnitReportReporter -->
<testsuite skipped="0" hostname="OIT-CT1ALTMARIF" name="com.eisrem.testCases.Module_Organization.TC_Organization_Services_TryResources_001" tests="1" failures="0" timestamp="2022-05-23T11:34:33 EDT" time="35.729" errors="0">
  <testcase name="TC_Organization_Add_001" time="35.729" classname="com.eisrem.testCases.Module_Organization.TC_Organization_Services_TryResources_001"/>
  <system-out/>
</testsuite> <!-- com.eisrem.testCases.Module_Organization.TC_Organization_Services_TryResources_001 -->
