<?xml version="1.0" encoding="UTF-8"?>
<!-- Generated by org.testng.reporters.JUnitReportReporter -->
<testsuite skipped="0" hostname="OIT-CT1ALTMARIF" name="com.eisrem.testCases.Business.Module_Organization.Business_Add_Org" tests="1" failures="0" timestamp="2022-05-31T16:31:36 EDT" time="168.116" errors="0">
  <testcase name="Verify_State_Staff_Access" time="168.116" classname="com.eisrem.testCases.Business.Module_Organization.Business_Add_Org"/>
  <system-out/>
</testsuite> <!-- com.eisrem.testCases.Business.Module_Organization.Business_Add_Org -->
