<?xml version="1.0" encoding="UTF-8"?>
<!-- Generated by org.testng.reporters.JUnitReportReporter -->
<testsuite skipped="0" hostname="OIT-CT1ALTMARIF" name="com.eisrem.testCases.Module_Admin.TC_Login_CapsLock_Check" tests="1" failures="0" timestamp="2022-07-04T09:26:02 EDT" time="26.007" errors="0">
  <testcase name="TC_Login_CapsLock_Chck" time="26.007" classname="com.eisrem.testCases.Module_Admin.TC_Login_CapsLock_Check"/>
  <system-out/>
</testsuite> <!-- com.eisrem.testCases.Module_Admin.TC_Login_CapsLock_Check -->
