<?xml version="1.0" encoding="UTF-8"?>
<!-- Generated by org.testng.reporters.JUnitReportReporter -->
<testsuite skipped="0" hostname="OIT-CT1ALTMARIF" name="com.eisrem.testCases.Release2021.TC_BHOPS_10820_Types_Planning_Option_Gone" tests="1" failures="0" timestamp="2022-07-05T14:21:22 EDT" time="53.748" errors="0">
  <testcase name="TC_Types_Planning_Option_Gone" time="53.748" classname="com.eisrem.testCases.Release2021.TC_BHOPS_10820_Types_Planning_Option_Gone"/>
  <system-out/>
</testsuite> <!-- com.eisrem.testCases.Release2021.TC_BHOPS_10820_Types_Planning_Option_Gone -->
