<?xml version="1.0" encoding="UTF-8"?>
<!-- Generated by org.testng.reporters.JUnitReportReporter -->
<testsuite skipped="0" hostname="OIT-CT1ALTMARIF" name="com.eisrem.testCases.Module_Administrator.TC_Role_Inactive_Mods_Not_In_Menu" tests="1" failures="0" timestamp="2022-07-04T09:33:41 EDT" time="219.716" errors="0">
  <testcase name="TC_Role_Inactive_Mods_Not_In_Menu_001" time="219.716" classname="com.eisrem.testCases.Module_Administrator.TC_Role_Inactive_Mods_Not_In_Menu"/>
  <system-out/>
</testsuite> <!-- com.eisrem.testCases.Module_Administrator.TC_Role_Inactive_Mods_Not_In_Menu -->
