<?xml version="1.0" encoding="UTF-8"?>
<!-- Generated by org.testng.reporters.JUnitReportReporter -->
<testsuite skipped="0" hostname="OIT-CT1ALTMARIF" name="com.eisrem.testCases.Module_Classes.TC_Classes_Roster_Add_Edit_View" tests="1" failures="0" timestamp="2022-05-09T11:46:30 EDT" time="70.540" errors="0">
  <testcase name="Classes_Roster_Add_001" time="70.540" classname="com.eisrem.testCases.Module_Classes.TC_Classes_Roster_Add_Edit_View"/>
  <system-out/>
</testsuite> <!-- com.eisrem.testCases.Module_Classes.TC_Classes_Roster_Add_Edit_View -->
