<?xml version="1.0" encoding="UTF-8"?>
<!-- Generated by org.testng.reporters.JUnitReportReporter -->
<testsuite skipped="0" hostname="OIT-CT1ALTMARIF" name="com.eisrem.testCases.Release2022.TC_BHOPS_12350_End_Dated_Document_Disabled_Link_Message" tests="1" failures="0" timestamp="2022-06-21T09:23:27 EDT" time="310.296" errors="0">
  <testcase name="End_Dated_Document_Disabled_Link_Message" time="310.296" classname="com.eisrem.testCases.Release2022.TC_BHOPS_12350_End_Dated_Document_Disabled_Link_Message"/>
  <system-out/>
</testsuite> <!-- com.eisrem.testCases.Release2022.TC_BHOPS_12350_End_Dated_Document_Disabled_Link_Message -->
