<?xml version="1.0" encoding="UTF-8"?>
<!-- Generated by org.testng.reporters.JUnitReportReporter -->
<testsuite skipped="0" hostname="OIT-CT1ALTMARIF" name="com.eisrem.testCases.Module_Organization.TC_Organization_Documents_Access" tests="1" failures="0" timestamp="2022-07-01T11:31:50 EDT" time="55.419" errors="0">
  <testcase name="TC_Organization_Documents_Access_001" time="55.419" classname="com.eisrem.testCases.Module_Organization.TC_Organization_Documents_Access"/>
  <system-out/>
</testsuite> <!-- com.eisrem.testCases.Module_Organization.TC_Organization_Documents_Access -->
