<?xml version="1.0" encoding="UTF-8"?>
<!-- Generated by org.testng.reporters.JUnitReportReporter -->
<testsuite skipped="0" hostname="OIT-CT1ALTMARIF" name="com.eisrem.testCases.Module_Organization.TC_Organization_Location_Address_Date_Check" tests="1" failures="0" timestamp="2022-05-24T16:56:34 EDT" time="134.431" errors="0">
  <testcase name="Location_Address_Add" time="134.431" classname="com.eisrem.testCases.Module_Organization.TC_Organization_Location_Address_Date_Check"/>
  <system-out/>
</testsuite> <!-- com.eisrem.testCases.Module_Organization.TC_Organization_Location_Address_Date_Check -->
