<?xml version="1.0" encoding="UTF-8"?>
<!-- Generated by org.testng.reporters.JUnitReportReporter -->
<testsuite skipped="0" hostname="OIT-CT1ALTMARIF" name="com.eisrem.testCases.Business.Module_People.Duplicate_Entry" tests="1" failures="0" timestamp="2022-05-31T09:26:11 EDT" time="116.452" errors="0">
  <testcase name="Duplicate_Associations" time="116.452" classname="com.eisrem.testCases.Business.Module_People.Duplicate_Entry"/>
  <system-out/>
</testsuite> <!-- com.eisrem.testCases.Business.Module_People.Duplicate_Entry -->
