<?xml version="1.0" encoding="UTF-8"?>
<!-- Generated by org.testng.reporters.JUnitReportReporter -->
<testsuite skipped="0" hostname="OIT-CT1ALTMARIF" name="com.eisrem.testCases.Module_Organization.AddOrganizationPageTest" tests="1" failures="0" timestamp="2022-05-09T14:02:55 EDT" time="62.384" errors="0">
  <testcase name="AddOrganizationTitleCheck" time="62.384" classname="com.eisrem.testCases.Module_Organization.AddOrganizationPageTest"/>
  <system-out/>
</testsuite> <!-- com.eisrem.testCases.Module_Organization.AddOrganizationPageTest -->
