<?xml version="1.0" encoding="UTF-8"?>
<!-- Generated by org.testng.reporters.JUnitReportReporter -->
<testsuite skipped="0" hostname="OIT-CT1ALTMARIF" name="com.eisrem.testCases.Module_Reports.ReportsPageTest" tests="1" failures="0" timestamp="2022-06-20T15:38:49 EDT" time="62.372" errors="0">
  <testcase name="DataTableTitleCheck" time="62.372" classname="com.eisrem.testCases.Module_Reports.ReportsPageTest"/>
  <system-out/>
</testsuite> <!-- com.eisrem.testCases.Module_Reports.ReportsPageTest -->
