<?xml version="1.0" encoding="UTF-8"?>
<!-- Generated by org.testng.reporters.JUnitReportReporter -->
<testsuite skipped="0" hostname="OIT-CT1ALTMARIF" name="com.eisrem.testCases.Business.Module_Administrator.Admin_Look_Up_Tab" tests="1" failures="0" timestamp="2022-06-28T09:02:04 EDT" time="156.823" errors="0">
  <testcase name="Change_Sort_Order" time="156.823" classname="com.eisrem.testCases.Business.Module_Administrator.Admin_Look_Up_Tab"/>
  <system-out/>
</testsuite> <!-- com.eisrem.testCases.Business.Module_Administrator.Admin_Look_Up_Tab -->
