<?xml version="1.0" encoding="UTF-8"?>
<!-- Generated by org.testng.reporters.JUnitReportReporter -->
<testsuite skipped="0" hostname="OIT-CT1ALTMARIF" name="com.eisrem.testCases.Module_Search.TC_Search_Location" tests="1" failures="0" timestamp="2022-05-10T11:30:04 EDT" time="41.612" errors="0">
  <testcase name="TC_Search_Location_001" time="41.612" classname="com.eisrem.testCases.Module_Search.TC_Search_Location"/>
  <system-out/>
</testsuite> <!-- com.eisrem.testCases.Module_Search.TC_Search_Location -->
