<?xml version="1.0" encoding="UTF-8"?>
<!-- Generated by org.testng.reporters.JUnitReportReporter -->
<testsuite skipped="0" hostname="OIT-CT1ALTMARIF" name="com.eisrem.testCases.Business.Module_Notes.ProviderUserNotes_Add_Edit_View" tests="4" failures="0" timestamp="2022-07-07T15:03:53 EDT" time="522.628" errors="0">
  <testcase name="Notes_Add_Go_Back_To_List" time="129.085" classname="com.eisrem.testCases.Business.Module_Notes.ProviderUserNotes_Add_Edit_View"/>
  <system-out/>
  <testcase name="Notes_Add_Go_Back_To_People" time="131.395" classname="com.eisrem.testCases.Business.Module_Notes.ProviderUserNotes_Add_Edit_View"/>
  <system-out/>
  <testcase name="NotesEditFunctionalityCheck" time="142.751" classname="com.eisrem.testCases.Business.Module_Notes.ProviderUserNotes_Add_Edit_View"/>
  <system-out/>
  <testcase name="NotesViewFunctionalityCheck" time="119.397" classname="com.eisrem.testCases.Business.Module_Notes.ProviderUserNotes_Add_Edit_View"/>
  <system-out/>
</testsuite> <!-- com.eisrem.testCases.Business.Module_Notes.ProviderUserNotes_Add_Edit_View -->
