<?xml version="1.0" encoding="UTF-8"?>
<!-- Generated by org.testng.reporters.JUnitReportReporter -->
<testsuite skipped="0" hostname="OIT-CT1ALTMARIF" name="com.eisrem.testCases.Module_MyHomePage.TC_MyHomePage_MyClient_Validation" tests="1" failures="0" timestamp="2022-06-27T11:29:20 EDT" time="115.604" errors="0">
  <testcase name="TC_MyHomePage_MyClient_Validation_001" time="115.604" classname="com.eisrem.testCases.Module_MyHomePage.TC_MyHomePage_MyClient_Validation"/>
  <system-out/>
</testsuite> <!-- com.eisrem.testCases.Module_MyHomePage.TC_MyHomePage_MyClient_Validation -->
