<?xml version="1.0" encoding="UTF-8"?>
<!-- Generated by org.testng.reporters.JUnitReportReporter -->
<testsuite skipped="0" hostname="OIT-CT1ALTMARIF" name="com.eisrem.testCases.Business.Module_MyHomePage.ProviderUserMyClientsAddRemove" tests="1" failures="0" timestamp="2022-05-11T12:11:46 EDT" time="79.649" errors="0">
  <testcase name="MyClientsAddRemoveFunctionalityCheck" time="79.649" classname="com.eisrem.testCases.Business.Module_MyHomePage.ProviderUserMyClientsAddRemove"/>
  <system-out/>
</testsuite> <!-- com.eisrem.testCases.Business.Module_MyHomePage.ProviderUserMyClientsAddRemove -->
