<?xml version="1.0" encoding="UTF-8"?>
<!-- Generated by org.testng.reporters.JUnitReportReporter -->
<testsuite skipped="0" hostname="OIT-CT1ALTMARIF" name="com.eisrem.testCases.Module_Organization.TC_Organization_Documents_Add_Edit_View" tests="1" failures="0" timestamp="2022-05-24T10:39:42 EDT" time="59.035" errors="0">
  <testcase name="TC_Organization_Documents_Add_001" time="59.035" classname="com.eisrem.testCases.Module_Organization.TC_Organization_Documents_Add_Edit_View"/>
  <system-out/>
</testsuite> <!-- com.eisrem.testCases.Module_Organization.TC_Organization_Documents_Add_Edit_View -->
