<?xml version="1.0" encoding="UTF-8"?>
<!-- Generated by org.testng.reporters.JUnitReportReporter -->
<testsuite skipped="0" hostname="OIT-CT1ALTMARIF" name="com.eisrem.testCases.Business.Module_People.Date_Test" tests="1" failures="0" timestamp="2022-06-09T11:10:47 EDT" time="68.805" errors="0">
  <testcase name="DOD_in_Future" time="68.805" classname="com.eisrem.testCases.Business.Module_People.Date_Test"/>
  <system-out/>
</testsuite> <!-- com.eisrem.testCases.Business.Module_People.Date_Test -->
