<?xml version="1.0" encoding="UTF-8"?>
<!-- Generated by org.testng.reporters.JUnitReportReporter -->
<testsuite skipped="0" hostname="OIT-CT1ALTMARIF" name="com.eisrem.testCases.Release2022.TC_BHOPS_12145_Conducted_Type_Score_Validation" tests="1" failures="0" timestamp="2022-05-18T12:00:35 EDT" time="241.625" errors="0">
  <testcase name="Type_Add_Conduct_Score" time="241.625" classname="com.eisrem.testCases.Release2022.TC_BHOPS_12145_Conducted_Type_Score_Validation"/>
  <system-out/>
</testsuite> <!-- com.eisrem.testCases.Release2022.TC_BHOPS_12145_Conducted_Type_Score_Validation -->
