<?xml version="1.0" encoding="UTF-8"?>
<!-- Generated by org.testng.reporters.JUnitReportReporter -->
<testsuite skipped="0" hostname="OIT-CT1ALTMARIF" name="com.eisrem.testCases.Business.Module_People.Enrollment_Add_Edit_End" tests="1" failures="0" timestamp="2022-05-05T10:33:48 EDT" time="51.945" errors="0">
  <testcase name="Add_Enrollment" time="51.945" classname="com.eisrem.testCases.Business.Module_People.Enrollment_Add_Edit_End"/>
  <system-out/>
</testsuite> <!-- com.eisrem.testCases.Business.Module_People.Enrollment_Add_Edit_End -->
