<?xml version="1.0" encoding="UTF-8"?>
<!-- Generated by org.testng.reporters.JUnitReportReporter -->
<testsuite skipped="0" hostname="OIT-CT1ALTMARIF" name="com.eisrem.testCases.Module_Classes.TC_Classes_Add_Edit_View" tests="1" failures="0" timestamp="2022-05-09T11:44:25 EDT" time="48.573" errors="0">
  <testcase name="Classes_Add_001" time="48.573" classname="com.eisrem.testCases.Module_Classes.TC_Classes_Add_Edit_View"/>
  <system-out/>
</testsuite> <!-- com.eisrem.testCases.Module_Classes.TC_Classes_Add_Edit_View -->
