<?xml version="1.0" encoding="UTF-8"?>
<!-- Generated by org.testng.reporters.JUnitReportReporter -->
<testsuite skipped="0" hostname="OIT-CT1ALTMARIF" name="com.eisrem.testCases.Module_MyHomePage.TC_MyHomePage_Inbox_Forward_Notification" tests="1" failures="0" timestamp="2022-05-02T11:26:47 EDT" time="59.199" errors="0">
  <testcase name="TC_MyHomePage_Inbox_Forward_Notification_001" time="59.199" classname="com.eisrem.testCases.Module_MyHomePage.TC_MyHomePage_Inbox_Forward_Notification"/>
  <system-out/>
</testsuite> <!-- com.eisrem.testCases.Module_MyHomePage.TC_MyHomePage_Inbox_Forward_Notification -->
