<?xml version="1.0" encoding="UTF-8"?>
<!-- Generated by org.testng.reporters.JUnitReportReporter -->
<testsuite skipped="0" hostname="OIT-CT1ALTMARIF" name="com.eisrem.testCases.Release2021.TC_BHOPS_11591_Conducted_Types_Rqrd_Pge_No_Rqrd_Qstn" tests="1" failures="0" timestamp="2022-07-07T16:14:34 EDT" time="807.913" errors="0">
  <testcase name="TC_Conducted_Types_Rqrd_Pge_No_Rqrd_Qstn" time="807.913" classname="com.eisrem.testCases.Release2021.TC_BHOPS_11591_Conducted_Types_Rqrd_Pge_No_Rqrd_Qstn"/>
  <system-out/>
</testsuite> <!-- com.eisrem.testCases.Release2021.TC_BHOPS_11591_Conducted_Types_Rqrd_Pge_No_Rqrd_Qstn -->
