<?xml version="1.0" encoding="UTF-8"?>
<!-- Generated by org.testng.reporters.JUnitReportReporter -->
<testsuite skipped="0" hostname="OIT-CT1ALTMARIF" name="com.eisrem.testCases.Module_Agreement.TC_Agreement_Add_Edit_View" tests="1" failures="0" timestamp="2022-05-09T11:34:12 EDT" time="204.638" errors="0">
  <testcase name="TC_Agreement_Edit_001" time="204.638" classname="com.eisrem.testCases.Module_Agreement.TC_Agreement_Add_Edit_View"/>
  <system-out/>
</testsuite> <!-- com.eisrem.testCases.Module_Agreement.TC_Agreement_Add_Edit_View -->
