<?xml version="1.0" encoding="UTF-8"?>
<!-- Generated by org.testng.reporters.JUnitReportReporter -->
<testsuite skipped="0" hostname="OIT-CT1ALTMARIF" name="com.eisrem.testCases.Module_ConductedTypes.TC_BHOPS_10952_Types_Conduct_By" tests="1" failures="0" timestamp="2022-06-07T15:03:33 EDT" time="320.105" errors="0">
  <testcase name="TC_Types_Conduct_By_001" time="320.105" classname="com.eisrem.testCases.Module_ConductedTypes.TC_BHOPS_10952_Types_Conduct_By"/>
  <system-out/>
</testsuite> <!-- com.eisrem.testCases.Module_ConductedTypes.TC_BHOPS_10952_Types_Conduct_By -->
