<?xml version="1.0" encoding="UTF-8"?>
<!-- Generated by org.testng.reporters.JUnitReportReporter -->
<testsuite skipped="0" hostname="OIT-CT1ALTMARIF" name="com.eisrem.testCases.Module_Organization.TC_BHOPS_10742_Organization_ServicesSpecialties_View_001" tests="1" failures="0" timestamp="2022-05-09T14:39:34 EDT" time="41.055" errors="0">
  <testcase name="TC_Organization_ServicesSpecialties_View_001" time="41.055" classname="com.eisrem.testCases.Module_Organization.TC_BHOPS_10742_Organization_ServicesSpecialties_View_001"/>
  <system-out/>
</testsuite> <!-- com.eisrem.testCases.Module_Organization.TC_BHOPS_10742_Organization_ServicesSpecialties_View_001 -->
