<?xml version="1.0" encoding="UTF-8"?>
<!-- Generated by org.testng.reporters.JUnitReportReporter -->
<testsuite skipped="0" hostname="OIT-CT1ALTMARIF" name="com.eisrem.testCases.Module_Organization.TC_Organization_ServicesSpecialties_Add_Edit_View" tests="1" failures="0" timestamp="2022-07-04T12:38:55 EDT" time="74.025" errors="0">
  <testcase name="TC_Organization_ServicesSpecialties_Add_001" time="74.025" classname="com.eisrem.testCases.Module_Organization.TC_Organization_ServicesSpecialties_Add_Edit_View"/>
  <system-out/>
</testsuite> <!-- com.eisrem.testCases.Module_Organization.TC_Organization_ServicesSpecialties_Add_Edit_View -->
