<?xml version="1.0" encoding="UTF-8"?>
<!-- Generated by org.testng.reporters.JUnitReportReporter -->
<testsuite skipped="0" hostname="OIT-CT1ALTMARIF" name="com.eisrem.testCases.Module_Administrator.LookupsPageTest" tests="1" failures="0" timestamp="2022-06-30T11:01:24 EDT" time="61.984" errors="0">
  <testcase name="DataTableTitleCheck" time="61.984" classname="com.eisrem.testCases.Module_Administrator.LookupsPageTest"/>
  <system-out/>
</testsuite> <!-- com.eisrem.testCases.Module_Administrator.LookupsPageTest -->
