<?xml version="1.0" encoding="UTF-8"?>
<!-- Generated by org.testng.reporters.JUnitReportReporter -->
<testsuite skipped="0" hostname="OIT-CT1ALTMARIF" name="com.eisrem.testCases.Module_MyHomePage.TC_Discard_Check" tests="1" failures="0" timestamp="2022-05-09T12:41:04 EDT" time="77.727" errors="0">
  <testcase name="TC_Discard_Check_001" time="77.727" classname="com.eisrem.testCases.Module_MyHomePage.TC_Discard_Check"/>
  <system-out/>
</testsuite> <!-- com.eisrem.testCases.Module_MyHomePage.TC_Discard_Check -->
