<?xml version="1.0" encoding="UTF-8"?>
<!-- Generated by org.testng.reporters.JUnitReportReporter -->
<testsuite skipped="0" hostname="OIT-CT1ALTMARIF" name="com.eisrem.testCases.Module_Organization.TC_Organization_Location_BaseLoc_NoAddLoc" tests="1" failures="0" timestamp="2022-05-24T16:46:34 EDT" time="162.279" errors="0">
  <testcase name="User_BaseLocation_Only" time="162.279" classname="com.eisrem.testCases.Module_Organization.TC_Organization_Location_BaseLoc_NoAddLoc"/>
  <system-out/>
</testsuite> <!-- com.eisrem.testCases.Module_Organization.TC_Organization_Location_BaseLoc_NoAddLoc -->
