<?xml version="1.0" encoding="UTF-8"?>
<!-- Generated by org.testng.reporters.JUnitReportReporter -->
<testsuite skipped="0" hostname="OIT-CT1ALTMARIF" name="com.eisrem.testCases.Module_People.People_LivingArangement_Test" tests="1" failures="0" timestamp="2022-06-09T14:34:25 EDT" time="53.098" errors="0">
  <testcase name="LivingArangement_Add_001" time="53.098" classname="com.eisrem.testCases.Module_People.People_LivingArangement_Test"/>
  <system-out/>
</testsuite> <!-- com.eisrem.testCases.Module_People.People_LivingArangement_Test -->
