<?xml version="1.0" encoding="UTF-8"?>
<!-- Generated by org.testng.reporters.JUnitReportReporter -->
<testsuite skipped="0" hostname="OIT-CT1ALTMARIF" name="com.eisrem.testCases.Release2022.TC_BHOPS_10435_End_Dated_Location_Identifer_Popup" tests="1" failures="0" timestamp="2022-04-29T10:54:59 EDT" time="363.542" errors="0">
  <testcase name="TC_BHOPS_10435_End_Dated_Location_Identifer_Popup_01" time="363.542" classname="com.eisrem.testCases.Release2022.TC_BHOPS_10435_End_Dated_Location_Identifer_Popup"/>
  <system-out/>
</testsuite> <!-- com.eisrem.testCases.Release2022.TC_BHOPS_10435_End_Dated_Location_Identifer_Popup -->
