<?xml version="1.0" encoding="UTF-8"?>
<!-- Generated by org.testng.reporters.JUnitReportReporter -->
<testsuite skipped="0" hostname="OIT-CT1ALTMARIF" name="com.eisrem.testCases.Module_QuickLinks.TC_Links_Service_Pop_Add_Edit_View" tests="1" failures="0" timestamp="2022-05-10T11:23:43 EDT" time="51.371" errors="0">
  <testcase name="TC_Links_Service_Populations_Add_001" time="51.371" classname="com.eisrem.testCases.Module_QuickLinks.TC_Links_Service_Pop_Add_Edit_View"/>
  <system-out/>
</testsuite> <!-- com.eisrem.testCases.Module_QuickLinks.TC_Links_Service_Pop_Add_Edit_View -->
