<?xml version="1.0" encoding="UTF-8"?>
<!-- Generated by org.testng.reporters.JUnitReportReporter -->
<testsuite skipped="0" hostname="OIT-CT1ALTMARIF" name="com.eisrem.testCases.Module_Organization.TC_Organization_Location_Address_Add_Edit_View" tests="1" failures="0" timestamp="2022-05-23T11:33:16 EDT" time="87.834" errors="0">
  <testcase name="Location_Address_Edit" time="87.834" classname="com.eisrem.testCases.Module_Organization.TC_Organization_Location_Address_Add_Edit_View"/>
  <system-out/>
</testsuite> <!-- com.eisrem.testCases.Module_Organization.TC_Organization_Location_Address_Add_Edit_View -->
