<?xml version="1.0" encoding="UTF-8"?>
<!-- Generated by org.testng.reporters.JUnitReportReporter -->
<testsuite skipped="0" hostname="OIT-CT1ALTMARIF" name="com.eisrem.testCases.Module_Organization.TC_Organization_Location_Field_TTY_Check" tests="1" failures="0" timestamp="2022-05-09T16:13:44 EDT" time="81.768" errors="0">
  <testcase name="TC_Location_AddEdit_TTY" time="81.768" classname="com.eisrem.testCases.Module_Organization.TC_Organization_Location_Field_TTY_Check"/>
  <system-out/>
</testsuite> <!-- com.eisrem.testCases.Module_Organization.TC_Organization_Location_Field_TTY_Check -->
