<?xml version="1.0" encoding="UTF-8"?>
<!-- Generated by org.testng.reporters.JUnitReportReporter -->
<testsuite skipped="0" hostname="OIT-CT1ALTMARIF" name="com.eisrem.testCases.Release2021.TC_BHOPS_10721_Organizations_Documents_User_Access" tests="1" failures="0" timestamp="2022-03-17T13:45:35 EDT" time="568.609" errors="0">
  <testcase name="TC_Organizations_Documents_User_Access" time="568.609" classname="com.eisrem.testCases.Release2021.TC_BHOPS_10721_Organizations_Documents_User_Access"/>
  <system-out/>
</testsuite> <!-- com.eisrem.testCases.Release2021.TC_BHOPS_10721_Organizations_Documents_User_Access -->
