<?xml version="1.0" encoding="UTF-8"?>
<!-- Generated by org.testng.reporters.JUnitReportReporter -->
<testsuite skipped="0" hostname="OIT-CT1ALTMARIF" name="com.eisrem.testCases.Module_Agreement.AgreementPageTest" tests="1" failures="0" timestamp="2022-07-05T10:47:00 EDT" time="58.487" errors="0">
  <testcase name="DataTableFunctionsCheck" time="58.487" classname="com.eisrem.testCases.Module_Agreement.AgreementPageTest"/>
  <system-out/>
</testsuite> <!-- com.eisrem.testCases.Module_Agreement.AgreementPageTest -->
