<?xml version="1.0" encoding="UTF-8"?>
<!-- Generated by org.testng.reporters.JUnitReportReporter -->
<testsuite skipped="0" hostname="OIT-CT1ALTMARIF" name="com.eisrem.testCases.Module_Administrator.TC_Question_Required_Default" tests="1" failures="0" timestamp="2022-03-28T13:15:51 EDT" time="90.760" errors="0">
  <testcase name="TC_Question_Required_Default_001" time="90.760" classname="com.eisrem.testCases.Module_Administrator.TC_Question_Required_Default"/>
  <system-out/>
</testsuite> <!-- com.eisrem.testCases.Module_Administrator.TC_Question_Required_Default -->
