<?xml version="1.0" encoding="UTF-8"?>
<!-- Generated by org.testng.reporters.JUnitReportReporter -->
<testsuite skipped="0" hostname="OIT-CT1ALTMARIF" name="com.eisrem.testCases.Business.Module_People.Relationship_Add_Edit_End" tests="3" failures="0" timestamp="2022-05-31T14:35:58 EDT" time="264.445" errors="0">
  <testcase name="Add_Relationship" time="72.691" classname="com.eisrem.testCases.Business.Module_People.Relationship_Add_Edit_End"/>
  <system-out/>
  <testcase name="Edit_Relationship" time="84.707" classname="com.eisrem.testCases.Business.Module_People.Relationship_Add_Edit_End"/>
  <system-out/>
  <testcase name="End_Relationship" time="107.047" classname="com.eisrem.testCases.Business.Module_People.Relationship_Add_Edit_End"/>
  <system-out/>
</testsuite> <!-- com.eisrem.testCases.Business.Module_People.Relationship_Add_Edit_End -->
