<?xml version="1.0" encoding="UTF-8"?>
<!-- Generated by org.testng.reporters.JUnitReportReporter -->
<testsuite skipped="0" hostname="OIT-CT1ALTMARIF" name="com.eisrem.testCases.Module_QuickLinks.TC_Links_Add_Edit_View" tests="1" failures="0" timestamp="2022-05-10T11:22:06 EDT" time="52.651" errors="0">
  <testcase name="TC_Links_Add_001" time="52.651" classname="com.eisrem.testCases.Module_QuickLinks.TC_Links_Add_Edit_View"/>
  <system-out/>
</testsuite> <!-- com.eisrem.testCases.Module_QuickLinks.TC_Links_Add_Edit_View -->
