<?xml version="1.0" encoding="UTF-8"?>
<!-- Generated by org.testng.reporters.JUnitReportReporter -->
<testsuite skipped="0" hostname="OIT-CT1ALTMARIF" name="com.eisrem.testCases.Module_ConductedTypes.TC_Conducted_Type_Validation_001" tests="1" failures="0" timestamp="2022-03-28T16:20:08 EDT" time="351.938" errors="0">
  <testcase name="Type_Add_Conduct_Validate" time="351.938" classname="com.eisrem.testCases.Module_ConductedTypes.TC_Conducted_Type_Validation_001"/>
  <system-out/>
</testsuite> <!-- com.eisrem.testCases.Module_ConductedTypes.TC_Conducted_Type_Validation_001 -->
