<?xml version="1.0" encoding="UTF-8"?>
<!-- Generated by org.testng.reporters.JUnitReportReporter -->
<testsuite skipped="0" hostname="OIT-CT1ALTMARIF" name="com.eisrem.testCases.JamesProjectSample" tests="1" failures="0" timestamp="2022-06-23T12:59:08 EDT" time="72.641" errors="0">
  <testcase name="scrollTest" time="72.641" classname="com.eisrem.testCases.JamesProjectSample"/>
  <system-out/>
</testsuite> <!-- com.eisrem.testCases.JamesProjectSample -->
