<?xml version="1.0" encoding="UTF-8"?>
<!-- Generated by org.testng.reporters.JUnitReportReporter -->
<testsuite skipped="0" hostname="OIT-CT1ALTMARIF" name="com.eisrem.testCases.Business.Module_People.People_Residential_Placement" tests="3" failures="0" timestamp="2022-05-31T10:16:02 EDT" time="302.946" errors="0">
  <testcase name="Add_Residential_Placement" time="90.979" classname="com.eisrem.testCases.Business.Module_People.People_Residential_Placement"/>
  <system-out/>
  <testcase name="Edit_Residential_Placement" time="108.775" classname="com.eisrem.testCases.Business.Module_People.People_Residential_Placement"/>
  <system-out/>
  <testcase name="End_Residential_Placement" time="103.192" classname="com.eisrem.testCases.Business.Module_People.People_Residential_Placement"/>
  <system-out/>
</testsuite> <!-- com.eisrem.testCases.Business.Module_People.People_Residential_Placement -->
