<?xml version="1.0" encoding="UTF-8"?>
<!-- Generated by org.testng.reporters.JUnitReportReporter -->
<testsuite skipped="0" hostname="OIT-CT1ALTMARIF" name="com.eisrem.testCases.Release2021.TC_BHOPS_11814_ResidentialPlacement_Add_Edit_View" tests="1" failures="0" timestamp="2022-05-06T16:39:02 EDT" time="70.923" errors="0">
  <testcase name="TC_ResidentialPlacement_Add_001" time="70.923" classname="com.eisrem.testCases.Release2021.TC_BHOPS_11814_ResidentialPlacement_Add_Edit_View"/>
  <system-out/>
</testsuite> <!-- com.eisrem.testCases.Release2021.TC_BHOPS_11814_ResidentialPlacement_Add_Edit_View -->
