<?xml version="1.0" encoding="UTF-8"?>
<!-- Generated by org.testng.reporters.JUnitReportReporter -->
<testsuite skipped="0" hostname="OIT-CT1ALTMARIF" name="com.eisrem.testCases.Business.Module_People.Forgot_Field" tests="1" failures="0" timestamp="2022-05-27T15:55:16 EDT" time="48.094" errors="0">
  <testcase name="People_Add_Forgot_Last_Name_001" time="48.094" classname="com.eisrem.testCases.Business.Module_People.Forgot_Field"/>
  <system-out/>
</testsuite> <!-- com.eisrem.testCases.Business.Module_People.Forgot_Field -->
