<?xml version="1.0" encoding="UTF-8"?>
<!-- Generated by org.testng.reporters.JUnitReportReporter -->
<testsuite skipped="0" hostname="OIT-CT1ALTMARIF" name="com.eisrem.testCases.Module_Organization.TC_Organization_Users_Independent_Updates" tests="1" failures="0" timestamp="2022-06-27T12:20:21 EDT" time="526.236" errors="0">
  <testcase name="Users_Independent_Updates" time="526.236" classname="com.eisrem.testCases.Module_Organization.TC_Organization_Users_Independent_Updates"/>
  <system-out/>
</testsuite> <!-- com.eisrem.testCases.Module_Organization.TC_Organization_Users_Independent_Updates -->
