<?xml version="1.0" encoding="UTF-8"?>
<!-- Generated by org.testng.reporters.JUnitReportReporter -->
<testsuite skipped="0" hostname="OIT-CT1ALTMARIF" name="com.eisrem.testCases.Module_ConductedTypes.TC_BHOPS_11350_Conducted_Types_List_Order" tests="1" failures="0" timestamp="2022-06-20T10:33:56 EDT" time="137.814" errors="0">
  <testcase name="Reportable_Events_List_Order" time="137.814" classname="com.eisrem.testCases.Module_ConductedTypes.TC_BHOPS_11350_Conducted_Types_List_Order"/>
  <system-out/>
</testsuite> <!-- com.eisrem.testCases.Module_ConductedTypes.TC_BHOPS_11350_Conducted_Types_List_Order -->
