<?xml version="1.0" encoding="UTF-8"?>
<!-- Generated by org.testng.reporters.JUnitReportReporter -->
<testsuite skipped="0" hostname="OIT-CT1ALTMARIF" name="com.eisrem.testCases.Business.Module_People.People_Access_Check" tests="1" failures="0" timestamp="2022-05-11T12:30:13 EDT" time="130.738" errors="0">
  <testcase name="People_Access_Check_001" time="130.738" classname="com.eisrem.testCases.Business.Module_People.People_Access_Check"/>
  <system-out/>
</testsuite> <!-- com.eisrem.testCases.Business.Module_People.People_Access_Check -->
