<?xml version="1.0" encoding="UTF-8"?>
<!-- Generated by org.testng.reporters.JUnitReportReporter -->
<testsuite skipped="0" hostname="OIT-CT1ALTMARIF" name="com.eisrem.testCases.Release2021.TC_BHOPS_11703_Users_No_Base_Loc_Edit_In_Edit_Mode" tests="1" failures="0" timestamp="2022-07-05T15:27:11 EDT" time="221.827" errors="0">
  <testcase name="TC_Users_No_Base_Loc_Edit_In_Edit_Mode" time="221.827" classname="com.eisrem.testCases.Release2021.TC_BHOPS_11703_Users_No_Base_Loc_Edit_In_Edit_Mode"/>
  <system-out/>
</testsuite> <!-- com.eisrem.testCases.Release2021.TC_BHOPS_11703_Users_No_Base_Loc_Edit_In_Edit_Mode -->
