<?xml version="1.0" encoding="UTF-8"?>
<!-- Generated by org.testng.reporters.JUnitReportReporter -->
<testsuite skipped="0" hostname="OIT-CT1ALTMARIF" name="com.eisrem.testCases.Module_Classes.ClassesPageTest" tests="1" failures="0" timestamp="2022-06-20T10:23:40 EDT" time="60.051" errors="0">
  <testcase name="DataTableTitleCheck" time="60.051" classname="com.eisrem.testCases.Module_Classes.ClassesPageTest"/>
  <system-out/>
</testsuite> <!-- com.eisrem.testCases.Module_Classes.ClassesPageTest -->
