<?xml version="1.0" encoding="UTF-8"?>
<!-- Generated by org.testng.reporters.JUnitReportReporter -->
<testsuite skipped="0" hostname="OIT-CT1ALTMARIF" name="com.eisrem.testCases.Module_People.TC_Combobox" tests="2" failures="0" timestamp="2022-04-25T12:09:30 EDT" time="93.645" errors="0">
  <testcase name="TC_Combobox_TypeAmpersand_001" time="52.060" classname="com.eisrem.testCases.Module_People.TC_Combobox"/>
  <system-out/>
  <testcase name="TC_Combobox_Row_Count_001" time="41.585" classname="com.eisrem.testCases.Module_People.TC_Combobox"/>
  <system-out/>
</testsuite> <!-- com.eisrem.testCases.Module_People.TC_Combobox -->
