<?xml version="1.0" encoding="UTF-8"?>
<!-- Generated by org.testng.reporters.JUnitReportReporter -->
<testsuite skipped="0" hostname="OIT-CT1ALTMARIF" name="com.eisrem.testCases.Module_Organization.TC_Organization_Location_End_Date" tests="1" failures="0" timestamp="2022-05-09T16:06:59 EDT" time="83.103" errors="0">
  <testcase name="Location_ServicePopulation_EndDate" time="83.103" classname="com.eisrem.testCases.Module_Organization.TC_Organization_Location_End_Date"/>
  <system-out/>
</testsuite> <!-- com.eisrem.testCases.Module_Organization.TC_Organization_Location_End_Date -->
