<?xml version="1.0" encoding="UTF-8"?>
<!-- Generated by org.testng.reporters.JUnitReportReporter -->
<testsuite skipped="0" hostname="OIT-CT1ALTMARIF" name="com.eisrem.testCases.Release2021.TC_BHOPS_10670_Page_Sections_Row_Q_Start_Date" tests="1" failures="0" timestamp="2022-06-09T11:30:03 EDT" time="250.298" errors="0">
  <testcase name="TC_Page_Sections_Row_Q_Start_Date" time="250.298" classname="com.eisrem.testCases.Release2021.TC_BHOPS_10670_Page_Sections_Row_Q_Start_Date"/>
  <system-out/>
</testsuite> <!-- com.eisrem.testCases.Release2021.TC_BHOPS_10670_Page_Sections_Row_Q_Start_Date -->
