<?xml version="1.0" encoding="UTF-8"?>
<!-- Generated by org.testng.reporters.JUnitReportReporter -->
<testsuite skipped="0" hostname="OIT-CT1ALTMARIF" name="com.eisrem.testCases.Module_Organization.TC_BHOPS_10721_Organizations_Documents_User_Access" tests="1" failures="0" timestamp="2022-07-01T10:38:12 EDT" time="553.228" errors="0">
  <testcase name="TC_Organizations_Documents_User_Access" time="553.228" classname="com.eisrem.testCases.Module_Organization.TC_BHOPS_10721_Organizations_Documents_User_Access"/>
  <system-out/>
</testsuite> <!-- com.eisrem.testCases.Module_Organization.TC_BHOPS_10721_Organizations_Documents_User_Access -->
