<?xml version="1.0" encoding="UTF-8"?>
<!-- Generated by org.testng.reporters.JUnitReportReporter -->
<testsuite skipped="0" hostname="OIT-CT1ALTMARIF" name="com.eisrem.testCases.Release2022.TC_BHOPS_12402_End_Date_User_Dates_Before_Start" tests="1" failures="0" timestamp="2022-06-22T15:20:24 EDT" time="109.215" errors="0">
  <testcase name="TC_End_Date_User_Dates_Before_Start" time="109.215" classname="com.eisrem.testCases.Release2022.TC_BHOPS_12402_End_Date_User_Dates_Before_Start"/>
  <system-out/>
</testsuite> <!-- com.eisrem.testCases.Release2022.TC_BHOPS_12402_End_Date_User_Dates_Before_Start -->
