<?xml version="1.0" encoding="UTF-8"?>
<!-- Generated by org.testng.reporters.JUnitReportReporter -->
<testsuite skipped="0" hostname="OIT-CT1ALTMARIF" name="com.eisrem.testCases.Module_Search.TC_Search_People_Org" tests="1" failures="0" timestamp="2022-04-29T14:03:28 EDT" time="224.485" errors="0">
  <testcase name="TC_Search_People_Org_Restriction" time="224.485" classname="com.eisrem.testCases.Module_Search.TC_Search_People_Org"/>
  <system-out/>
</testsuite> <!-- com.eisrem.testCases.Module_Search.TC_Search_People_Org -->
