<?xml version="1.0" encoding="UTF-8"?>
<!-- Generated by org.testng.reporters.JUnitReportReporter -->
<testsuite skipped="0" hostname="OIT-CT1ALTMARIF" name="com.eisrem.testCases.Release2021.TC_BHOPS_11653_Notifications_Format_Options_002" tests="1" failures="0" timestamp="2022-04-05T14:51:08 EDT" time="987.677" errors="0">
  <testcase name="TC_Notifications_Format_Options_002" time="987.677" classname="com.eisrem.testCases.Release2021.TC_BHOPS_11653_Notifications_Format_Options_002"/>
  <system-out/>
</testsuite> <!-- com.eisrem.testCases.Release2021.TC_BHOPS_11653_Notifications_Format_Options_002 -->
