<?xml version="1.0" encoding="UTF-8"?>
<!-- Generated by org.testng.reporters.JUnitReportReporter -->
<testsuite skipped="0" hostname="OIT-CT1ALTMARIF" name="com.eisrem.testCases.Module_ConductedTypes.TC_Conducted_Type_Add_003" tests="1" failures="0" timestamp="2022-05-09T12:27:41 EDT" time="97.937" errors="0">
  <testcase name="ReportableEvent_Add" time="97.937" classname="com.eisrem.testCases.Module_ConductedTypes.TC_Conducted_Type_Add_003"/>
  <system-out/>
</testsuite> <!-- com.eisrem.testCases.Module_ConductedTypes.TC_Conducted_Type_Add_003 -->
