<?xml version="1.0" encoding="UTF-8"?>
<!-- Generated by org.testng.reporters.JUnitReportReporter -->
<testsuite skipped="0" hostname="OIT-CT1ALTMARIF" name="com.eisrem.testCases.Module_Organization.TC_Organization_Users_Add_Edit_View" tests="1" failures="0" timestamp="2022-05-24T14:12:50 EDT" time="150.161" errors="0">
  <testcase name="TC_Organization_User_Edit_001" time="150.161" classname="com.eisrem.testCases.Module_Organization.TC_Organization_Users_Add_Edit_View"/>
  <system-out/>
</testsuite> <!-- com.eisrem.testCases.Module_Organization.TC_Organization_Users_Add_Edit_View -->
