<?xml version="1.0" encoding="UTF-8"?>
<!-- Generated by org.testng.reporters.JUnitReportReporter -->
<testsuite skipped="0" hostname="OIT-CT1ALTMARIF" name="com.eisrem.testCases.Business.Module_Organization.Org_Reset_Password_Email" tests="1" failures="0" timestamp="2022-04-13T15:31:07 EDT" time="252.898" errors="0">
  <testcase name="Org_Reset_Password" time="252.898" classname="com.eisrem.testCases.Business.Module_Organization.Org_Reset_Password_Email"/>
  <system-out/>
</testsuite> <!-- com.eisrem.testCases.Business.Module_Organization.Org_Reset_Password_Email -->
