<?xml version="1.0" encoding="UTF-8"?>
<!-- Generated by org.testng.reporters.JUnitReportReporter -->
<testsuite skipped="0" hostname="OIT-CT1ALTMARIF" name="com.eisrem.testCases.Module_People.TC_Address_Zipcode_Ascending_001" tests="1" failures="0" timestamp="2022-07-04T12:42:17 EDT" time="103.255" errors="0">
  <testcase name="TC_Address_Zipcode_Asc_Organization" time="103.255" classname="com.eisrem.testCases.Module_People.TC_Address_Zipcode_Ascending_001"/>
  <system-out/>
</testsuite> <!-- com.eisrem.testCases.Module_People.TC_Address_Zipcode_Ascending_001 -->
