<?xml version="1.0" encoding="UTF-8"?>
<!-- Generated by org.testng.reporters.JUnitReportReporter -->
<testsuite skipped="0" hostname="OIT-CT1ALTMARIF" name="com.eisrem.testCases.Module_Organization.TC_BHOPS_11031_Org_Location_ServicePop_End_Date" tests="1" failures="0" timestamp="2022-05-25T14:09:13 EDT" time="83.481" errors="0">
  <testcase name="TC_Org_Location_ServicePop_End_Date_001" time="83.481" classname="com.eisrem.testCases.Module_Organization.TC_BHOPS_11031_Org_Location_ServicePop_End_Date"/>
  <system-out/>
</testsuite> <!-- com.eisrem.testCases.Module_Organization.TC_BHOPS_11031_Org_Location_ServicePop_End_Date -->
