<?xml version="1.0" encoding="UTF-8"?>
<!-- Generated by org.testng.reporters.JUnitReportReporter -->
<testsuite skipped="0" hostname="OIT-CT1ALTMARIF" name="com.eisrem.testCases.Module_Organization.TC_BHOPS_11224_Org_Add_Identifier_Duplicate_Error_Message" tests="1" failures="0" timestamp="2022-06-06T13:31:33 EDT" time="95.188" errors="0">
  <testcase name="Add_Identifier_Duplicate_Error_Message" time="95.188" classname="com.eisrem.testCases.Module_Organization.TC_BHOPS_11224_Org_Add_Identifier_Duplicate_Error_Message"/>
  <system-out/>
</testsuite> <!-- com.eisrem.testCases.Module_Organization.TC_BHOPS_11224_Org_Add_Identifier_Duplicate_Error_Message -->
