<?xml version="1.0" encoding="UTF-8"?>
<!-- Generated by org.testng.reporters.JUnitReportReporter -->
<testsuite skipped="0" hostname="OIT-CT1ALTMARIF" name="com.eisrem.testCases.Release2021.TC_BHOPS_11671_Conducted_Types_UserLocation_Check" tests="1" failures="0" timestamp="2022-03-17T10:53:58 EDT" time="95.811" errors="0">
  <testcase name="Conducted_Types_UserLocation_Check" time="95.811" classname="com.eisrem.testCases.Release2021.TC_BHOPS_11671_Conducted_Types_UserLocation_Check"/>
  <system-out/>
</testsuite> <!-- com.eisrem.testCases.Release2021.TC_BHOPS_11671_Conducted_Types_UserLocation_Check -->
