<?xml version="1.0" encoding="UTF-8"?>
<!-- Generated by org.testng.reporters.JUnitReportReporter -->
<testsuite skipped="0" hostname="OIT-CT1ALTMARIF" name="com.eisrem.testCases.Business.Module_Administrator.Admin_Roles" tests="1" failures="0" timestamp="2022-07-07T14:15:21 EDT" time="471.203" errors="0">
  <testcase name="Test_Notes_Access_For_Role" time="471.203" classname="com.eisrem.testCases.Business.Module_Administrator.Admin_Roles"/>
  <system-out/>
</testsuite> <!-- com.eisrem.testCases.Business.Module_Administrator.Admin_Roles -->
