<?xml version="1.0" encoding="UTF-8"?>
<!-- Generated by org.testng.reporters.JUnitReportReporter -->
<testsuite skipped="0" hostname="OIT-CT1ALTMARIF" name="com.eisrem.testCases.Module_Administrator.TC_Page_Test" tests="1" failures="0" timestamp="2022-04-25T09:22:40 EDT" time="224.063" errors="0">
  <testcase name="TC_Pages_Copy_001" time="224.063" classname="com.eisrem.testCases.Module_Administrator.TC_Page_Test"/>
  <system-out/>
</testsuite> <!-- com.eisrem.testCases.Module_Administrator.TC_Page_Test -->
