<?xml version="1.0" encoding="UTF-8"?>
<!-- Generated by org.testng.reporters.JUnitReportReporter -->
<testsuite skipped="0" hostname="OIT-CT1ALTMARIF" name="com.eisrem.testCases.Business.Module_People.People_Add" tests="1" failures="0" timestamp="2022-05-31T09:30:01 EDT" time="66.823" errors="0">
  <testcase name="Add_With_Association_Tab_001" time="66.823" classname="com.eisrem.testCases.Business.Module_People.People_Add"/>
  <system-out/>
</testsuite> <!-- com.eisrem.testCases.Business.Module_People.People_Add -->
