<?xml version="1.0" encoding="UTF-8"?>
<!-- Generated by org.testng.reporters.JUnitReportReporter -->
<testsuite skipped="0" hostname="OIT-CT1ALTMARIF" name="com.eisrem.testCases.Module_Administrator.Add.AddAdministratorMessagePageTest" tests="1" failures="0" timestamp="2022-06-30T15:49:45 EDT" time="112.847" errors="0">
  <testcase name="AddAdministratorMessagePageTitlesCheck" time="112.847" classname="com.eisrem.testCases.Module_Administrator.Add.AddAdministratorMessagePageTest"/>
  <system-out/>
</testsuite> <!-- com.eisrem.testCases.Module_Administrator.Add.AddAdministratorMessagePageTest -->
