<?xml version="1.0" encoding="UTF-8"?>
<!-- Generated by org.testng.reporters.JUnitReportReporter -->
<testsuite skipped="0" hostname="OIT-CT1ALTMARIF" name="com.eisrem.testCases.Module_Administrator.TC_BHOPS_11709_My_Inbox_Date_Format" tests="1" failures="0" timestamp="2022-06-27T10:00:04 EDT" time="532.349" errors="0">
  <testcase name="My_Inbox_Date_Format_001" time="532.349" classname="com.eisrem.testCases.Module_Administrator.TC_BHOPS_11709_My_Inbox_Date_Format"/>
  <system-out/>
</testsuite> <!-- com.eisrem.testCases.Module_Administrator.TC_BHOPS_11709_My_Inbox_Date_Format -->
