<?xml version="1.0" encoding="UTF-8"?>
<!-- Generated by org.testng.reporters.JUnitReportReporter -->
<testsuite skipped="0" hostname="OIT-CT1ALTMARIF" name="com.eisrem.testCases.Module_Organization.TC_Organization_Location_ErrorChk_001" tests="1" failures="0" timestamp="2022-07-04T12:31:28 EDT" time="100.362" errors="0">
  <testcase name="TC_Location_Add_StateUser_003" time="100.362" classname="com.eisrem.testCases.Module_Organization.TC_Organization_Location_ErrorChk_001"/>
  <system-out/>
</testsuite> <!-- com.eisrem.testCases.Module_Organization.TC_Organization_Location_ErrorChk_001 -->
