<?xml version="1.0" encoding="UTF-8"?>
<!-- Generated by org.testng.reporters.JUnitReportReporter -->
<testsuite skipped="0" hostname="OIT-CT1ALTMARIF" name="com.eisrem.testCases.Module_ConductedTypes.TC_Conducted_Type_Add_002" tests="1" failures="0" timestamp="2022-06-07T15:18:01 EDT" time="55.724" errors="0">
  <testcase name="Assessment_Add" time="55.724" classname="com.eisrem.testCases.Module_ConductedTypes.TC_Conducted_Type_Add_002"/>
  <system-out/>
</testsuite> <!-- com.eisrem.testCases.Module_ConductedTypes.TC_Conducted_Type_Add_002 -->
