<?xml version="1.0" encoding="UTF-8"?>
<!-- Generated by org.testng.reporters.JUnitReportReporter -->
<testsuite skipped="0" hostname="OIT-CT1ALTMARIF" name="com.eisrem.testCases.Module_Administrator.TC_Module_Lookups" tests="1" failures="0" timestamp="2022-06-27T10:05:51 EDT" time="233.853" errors="0">
  <testcase name="TC_Look_Label_Auto_Mod_Answer_001" time="233.853" classname="com.eisrem.testCases.Module_Administrator.TC_Module_Lookups"/>
  <system-out/>
</testsuite> <!-- com.eisrem.testCases.Module_Administrator.TC_Module_Lookups -->
