<?xml version="1.0" encoding="UTF-8"?>
<!-- Generated by org.testng.reporters.JUnitReportReporter -->
<testsuite skipped="0" hostname="OIT-CT1ALTMARIF" name="com.eisrem.testCases.Module_People.People_EnrollmentStatus_Test" tests="1" failures="0" timestamp="2022-05-10T10:34:16 EDT" time="59.273" errors="0">
  <testcase name="EnrollmentStatus_Add_001" time="59.273" classname="com.eisrem.testCases.Module_People.People_EnrollmentStatus_Test"/>
  <system-out/>
</testsuite> <!-- com.eisrem.testCases.Module_People.People_EnrollmentStatus_Test -->
