<?xml version="1.0" encoding="UTF-8"?>
<!-- Generated by org.testng.reporters.JUnitReportReporter -->
<testsuite skipped="0" hostname="OIT-CT1ALTMARIF" name="com.eisrem.testCases.Module_MyHomePage.TC_Menu_Tabable" tests="1" failures="0" timestamp="2022-07-04T10:57:42 EDT" time="125.130" errors="0">
  <testcase name="TC_Menu_Tabable_001" time="125.130" classname="com.eisrem.testCases.Module_MyHomePage.TC_Menu_Tabable"/>
  <system-out/>
</testsuite> <!-- com.eisrem.testCases.Module_MyHomePage.TC_Menu_Tabable -->
