<?xml version="1.0" encoding="UTF-8"?>
<!-- Generated by org.testng.reporters.JUnitReportReporter -->
<testsuite skipped="0" hostname="OIT-CT1ALTMARIF" name="com.eisrem.testCases.Module_MyHomePage.TC_MyHomePage_Manage" tests="1" failures="0" timestamp="2022-06-06T14:10:21 EDT" time="109.052" errors="0">
  <testcase name="TC_MyHomePage_Manage_001" time="109.052" classname="com.eisrem.testCases.Module_MyHomePage.TC_MyHomePage_Manage"/>
  <system-out/>
</testsuite> <!-- com.eisrem.testCases.Module_MyHomePage.TC_MyHomePage_Manage -->
