<?xml version="1.0" encoding="UTF-8"?>
<!-- Generated by org.testng.reporters.JUnitReportReporter -->
<testsuite skipped="0" hostname="OIT-CT1ALTMARIF" name="com.eisrem.testCases.Module_Administrator.Add.AddPagesPageTest" tests="1" failures="0" timestamp="2022-06-20T10:13:41 EDT" time="99.169" errors="0">
  <testcase name="AddPagesPageTitlesCheck" time="99.169" classname="com.eisrem.testCases.Module_Administrator.Add.AddPagesPageTest"/>
  <system-out/>
</testsuite> <!-- com.eisrem.testCases.Module_Administrator.Add.AddPagesPageTest -->
