<?xml version="1.0" encoding="UTF-8"?>
<!-- Generated by org.testng.reporters.JUnitReportReporter -->
<testsuite skipped="0" hostname="OIT-CT1ALTMARIF" name="com.eisrem.testCases.Module_People.TC_BHOPS_10721_People_Documents_User_Access" tests="1" failures="0" timestamp="2022-07-01T15:50:17 EDT" time="450.666" errors="0">
  <testcase name="TC_People_Documents_User_Access" time="450.666" classname="com.eisrem.testCases.Module_People.TC_BHOPS_10721_People_Documents_User_Access"/>
  <system-out/>
</testsuite> <!-- com.eisrem.testCases.Module_People.TC_BHOPS_10721_People_Documents_User_Access -->
