<?xml version="1.0" encoding="UTF-8"?>
<!-- Generated by org.testng.reporters.JUnitReportReporter -->
<testsuite skipped="0" hostname="OIT-CT1ALTMARIF" name="com.eisrem.testCases.Module_Administrator.TC_BHOPS_11228_Notifications_Add_Frequency_Format_Default_Check" tests="1" failures="0" timestamp="2022-06-30T11:39:25 EDT" time="39.108" errors="0">
  <testcase name="TC_Notifications_Add_Frequency_Format_Default_Check" time="39.108" classname="com.eisrem.testCases.Module_Administrator.TC_BHOPS_11228_Notifications_Add_Frequency_Format_Default_Check"/>
  <system-out/>
</testsuite> <!-- com.eisrem.testCases.Module_Administrator.TC_BHOPS_11228_Notifications_Add_Frequency_Format_Default_Check -->
