<?xml version="1.0" encoding="UTF-8"?>
<!-- Generated by org.testng.reporters.JUnitReportReporter -->
<testsuite skipped="0" hostname="OIT-CT1ALTMARIF" name="com.eisrem.testCases.Module_Administrator.PagesPageTest" tests="1" failures="0" timestamp="2022-06-30T11:14:06 EDT" time="93.257" errors="0">
  <testcase name="ExcelDownloadCheck" time="93.257" classname="com.eisrem.testCases.Module_Administrator.PagesPageTest"/>
  <system-out/>
</testsuite> <!-- com.eisrem.testCases.Module_Administrator.PagesPageTest -->
