<?xml version="1.0" encoding="UTF-8"?>
<!-- Generated by org.testng.reporters.JUnitReportReporter -->
<testsuite skipped="0" hostname="OIT-CT1ALTMARIF" name="com.eisrem.testCases.Module_People.People_Classes_Add_Edit_View_Test" tests="1" failures="0" timestamp="2022-05-10T10:23:36 EDT" time="60.494" errors="0">
  <testcase name="Classes_Add_001" time="60.494" classname="com.eisrem.testCases.Module_People.People_Classes_Add_Edit_View_Test"/>
  <system-out/>
</testsuite> <!-- com.eisrem.testCases.Module_People.People_Classes_Add_Edit_View_Test -->
