<?xml version="1.0" encoding="UTF-8"?>
<!-- Generated by org.testng.reporters.JUnitReportReporter -->
<testsuite skipped="0" hostname="OIT-CT1ALTMARIF" name="com.eisrem.testCases.Business.Module_People.OtherName_Add_Edit_End" tests="3" failures="0" timestamp="2022-06-27T17:15:05 EDT" time="184.082" errors="0">
  <testcase name="Add_OtherNames" time="48.264" classname="com.eisrem.testCases.Business.Module_People.OtherName_Add_Edit_End"/>
  <system-out/>
  <testcase name="Edit_OtherNames" time="62.631" classname="com.eisrem.testCases.Business.Module_People.OtherName_Add_Edit_End"/>
  <system-out/>
  <testcase name="End_OtherNames" time="73.187" classname="com.eisrem.testCases.Business.Module_People.OtherName_Add_Edit_End"/>
  <system-out/>
</testsuite> <!-- com.eisrem.testCases.Business.Module_People.OtherName_Add_Edit_End -->
