<?xml version="1.0" encoding="UTF-8"?>
<!-- Generated by org.testng.reporters.JUnitReportReporter -->
<testsuite skipped="0" hostname="OIT-CT1ALTMARIF" name="com.eisrem.testCases.Module_MyHomePage.TC_MyHomePage_MyClient_Excel" tests="1" failures="0" timestamp="2022-07-04T11:26:03 EDT" time="161.562" errors="0">
  <testcase name="TC_MyHomePage_MyClient_Excel_001" time="161.562" classname="com.eisrem.testCases.Module_MyHomePage.TC_MyHomePage_MyClient_Excel"/>
  <system-out/>
</testsuite> <!-- com.eisrem.testCases.Module_MyHomePage.TC_MyHomePage_MyClient_Excel -->
