<?xml version="1.0" encoding="UTF-8"?>
<!-- Generated by org.testng.reporters.JUnitReportReporter -->
<testsuite skipped="0" hostname="OIT-CT1ALTMARIF" name="com.eisrem.testCases.Module_Organization.TC_Organization_Users_End_Date_Children_Data" tests="1" failures="0" timestamp="2022-05-24T14:31:45 EDT" time="182.749" errors="0">
  <testcase name="Users_End_Date_Children_Data" time="182.749" classname="com.eisrem.testCases.Module_Organization.TC_Organization_Users_End_Date_Children_Data"/>
  <system-out/>
</testsuite> <!-- com.eisrem.testCases.Module_Organization.TC_Organization_Users_End_Date_Children_Data -->
