<?xml version="1.0" encoding="UTF-8"?>
<!-- Generated by org.testng.reporters.JUnitReportReporter -->
<testsuite skipped="0" hostname="OIT-CT1ALTMARIF" name="com.eisrem.testCases.Release2022.TC_BHOPS_12478_Admin_Edit_Start_Dates_CNDCTD_Type" tests="1" failures="0" timestamp="2022-07-07T17:14:23 EDT" time="634.140" errors="0">
  <testcase name="TC_BHOPS_12478_Admin_Edit_Start_Dates_CNDCTD_Type" time="634.140" classname="com.eisrem.testCases.Release2022.TC_BHOPS_12478_Admin_Edit_Start_Dates_CNDCTD_Type"/>
  <system-out/>
</testsuite> <!-- com.eisrem.testCases.Release2022.TC_BHOPS_12478_Admin_Edit_Start_Dates_CNDCTD_Type -->
