<?xml version="1.0" encoding="UTF-8"?>
<!-- Generated by org.testng.reporters.JUnitReportReporter -->
<testsuite skipped="0" hostname="OIT-CT1ALTMARIF" name="com.eisrem.testCases.Module_Administrator.TC_BHOPS_11119_Pages_Copy_Verify_Question_Answer" tests="1" failures="0" timestamp="2022-03-28T11:20:56 EDT" time="177.884" errors="0">
  <testcase name="TC_Pages_Copy_Verify_Question_Answer_001" time="177.884" classname="com.eisrem.testCases.Module_Administrator.TC_BHOPS_11119_Pages_Copy_Verify_Question_Answer"/>
  <system-out/>
</testsuite> <!-- com.eisrem.testCases.Module_Administrator.TC_BHOPS_11119_Pages_Copy_Verify_Question_Answer -->
