<?xml version="1.0" encoding="UTF-8"?>
<!-- Generated by org.testng.reporters.JUnitReportReporter -->
<testsuite skipped="0" hostname="OIT-CT1ALTMARIF" name="com.eisrem.testCases.Module_Admin.NavigationMenuBar" tests="16" failures="0" timestamp="2022-07-06T14:04:20 EDT" time="394.311" errors="0">
  <testcase name="AppAreasTitle" time="21.906" classname="com.eisrem.testCases.Module_Admin.NavigationMenuBar"/>
  <system-out/>
  <testcase name="MyHomePageLink" time="26.529" classname="com.eisrem.testCases.Module_Admin.NavigationMenuBar"/>
  <system-out/>
  <testcase name="ReportsLink" time="25.638" classname="com.eisrem.testCases.Module_Admin.NavigationMenuBar"/>
  <system-out/>
  <testcase name="ProcessWizardLink" time="21.020" classname="com.eisrem.testCases.Module_Admin.NavigationMenuBar"/>
  <system-out/>
  <testcase name="PeopleLink" time="25.782" classname="com.eisrem.testCases.Module_Admin.NavigationMenuBar"/>
  <system-out/>
  <testcase name="OrganizationLink" time="25.886" classname="com.eisrem.testCases.Module_Admin.NavigationMenuBar"/>
  <system-out/>
  <testcase name="AssessmentFormsLink" time="21.336" classname="com.eisrem.testCases.Module_Admin.NavigationMenuBar"/>
  <system-out/>
  <testcase name="AuthorizationLink" time="21.366" classname="com.eisrem.testCases.Module_Admin.NavigationMenuBar"/>
  <system-out/>
  <testcase name="NotesLink" time="21.084" classname="com.eisrem.testCases.Module_Admin.NavigationMenuBar"/>
  <system-out/>
  <testcase name="PlanningLink" time="23.811" classname="com.eisrem.testCases.Module_Admin.NavigationMenuBar"/>
  <system-out/>
  <testcase name="ReportableEventLink" time="21.493" classname="com.eisrem.testCases.Module_Admin.NavigationMenuBar"/>
  <system-out/>
  <testcase name="SearchLink" time="25.943" classname="com.eisrem.testCases.Module_Admin.NavigationMenuBar"/>
  <system-out/>
  <testcase name="AgreementLink" time="34.459" classname="com.eisrem.testCases.Module_Admin.NavigationMenuBar"/>
  <system-out/>
  <testcase name="ClassesLink" time="25.488" classname="com.eisrem.testCases.Module_Admin.NavigationMenuBar"/>
  <system-out/>
  <testcase name="QuickLink" time="25.449" classname="com.eisrem.testCases.Module_Admin.NavigationMenuBar"/>
  <system-out/>
  <testcase name="AdministratorLink" time="27.121" classname="com.eisrem.testCases.Module_Admin.NavigationMenuBar"/>
  <system-out/>
</testsuite> <!-- com.eisrem.testCases.Module_Admin.NavigationMenuBar -->
