<?xml version="1.0" encoding="UTF-8"?>
<!-- Generated by org.testng.reporters.JUnitReportReporter -->
<testsuite skipped="0" hostname="OIT-CT1ALTMARIF" name="com.eisrem.testCases.Module_QuickLinks.AddQuickLinksPageTest" tests="1" failures="0" timestamp="2022-06-20T15:33:36 EDT" time="75.639" errors="0">
  <testcase name="AddQuickLinksPageTitlesCheck" time="75.639" classname="com.eisrem.testCases.Module_QuickLinks.AddQuickLinksPageTest"/>
  <system-out/>
</testsuite> <!-- com.eisrem.testCases.Module_QuickLinks.AddQuickLinksPageTest -->
