<?xml version="1.0" encoding="UTF-8"?>
<!-- Generated by org.testng.reporters.JUnitReportReporter -->
<testsuite skipped="0" hostname="OIT-CT1ALTMARIF" name="com.eisrem.testCases.Module_Classes.AddClassesPageTest" tests="1" failures="0" timestamp="2022-06-30T16:20:31 EDT" time="61.583" errors="0">
  <testcase name="AddClassesPageTitlesCheck" time="61.583" classname="com.eisrem.testCases.Module_Classes.AddClassesPageTest"/>
  <system-out/>
</testsuite> <!-- com.eisrem.testCases.Module_Classes.AddClassesPageTest -->
