<?xml version="1.0" encoding="UTF-8"?>
<!-- Generated by org.testng.reporters.JUnitReportReporter -->
<testsuite skipped="0" hostname="OIT-CT1ALTMARIF" name="com.eisrem.testCases.Release2021.TC_BHOPS_11951_Conducted_Type_Score_Validation" tests="1" failures="0" timestamp="2022-05-18T12:05:20 EDT" time="216.684" errors="0">
  <testcase name="Type_Add_Conduct_Score" time="216.684" classname="com.eisrem.testCases.Release2021.TC_BHOPS_11951_Conducted_Type_Score_Validation"/>
  <system-out/>
</testsuite> <!-- com.eisrem.testCases.Release2021.TC_BHOPS_11951_Conducted_Type_Score_Validation -->
