<?xml version="1.0" encoding="UTF-8"?>
<!-- Generated by org.testng.reporters.JUnitReportReporter -->
<testsuite skipped="0" hostname="OIT-CT1ALTMARIF" name="com.eisrem.testCases.Module_Organization.TC_Location_Add" tests="1" failures="0" timestamp="2022-05-09T15:03:54 EDT" time="121.875" errors="0">
  <testcase name="TC_Location_Add_001" time="121.875" classname="com.eisrem.testCases.Module_Organization.TC_Location_Add"/>
  <system-out/>
</testsuite> <!-- com.eisrem.testCases.Module_Organization.TC_Location_Add -->
