<?xml version="1.0" encoding="UTF-8"?>
<!-- Generated by org.testng.reporters.JUnitReportReporter -->
<testsuite skipped="0" hostname="OIT-CT1ALTMARIF" name="com.eisrem.testCases.Module_Search.TC_Search_User" tests="1" failures="0" timestamp="2022-06-20T15:55:47 EDT" time="45.441" errors="0">
  <testcase name="TC_Search_User_002" time="45.441" classname="com.eisrem.testCases.Module_Search.TC_Search_User"/>
  <system-out/>
</testsuite> <!-- com.eisrem.testCases.Module_Search.TC_Search_User -->
