<?xml version="1.0" encoding="UTF-8"?>
<!-- Generated by org.testng.reporters.JUnitReportReporter -->
<testsuite skipped="0" hostname="OIT-CT1ALTMARIF" name="com.eisrem.testCases.Module_Organization.TC_Organization_Users_Verify_Locations_001" tests="1" failures="0" timestamp="2022-05-24T17:09:59 EDT" time="63.806" errors="0">
  <testcase name="TC_Organization_Users_Verify_Locations" time="63.806" classname="com.eisrem.testCases.Module_Organization.TC_Organization_Users_Verify_Locations_001"/>
  <system-out/>
</testsuite> <!-- com.eisrem.testCases.Module_Organization.TC_Organization_Users_Verify_Locations_001 -->
