<?xml version="1.0" encoding="UTF-8"?>
<!-- Generated by org.testng.reporters.JUnitReportReporter -->
<testsuite skipped="0" hostname="OIT-CT1ALTMARIF" name="com.eisrem.testCases.Release2022.TC_BHOPS_11799_Search_Location_ID" tests="1" failures="0" timestamp="2022-07-05T16:55:26 EDT" time="43.948" errors="0">
  <testcase name="TC_Search_Location_ID" time="43.948" classname="com.eisrem.testCases.Release2022.TC_BHOPS_11799_Search_Location_ID"/>
  <system-out/>
</testsuite> <!-- com.eisrem.testCases.Release2022.TC_BHOPS_11799_Search_Location_ID -->
