<?xml version="1.0" encoding="UTF-8"?>
<!-- Generated by org.testng.reporters.JUnitReportReporter -->
<testsuite skipped="0" hostname="OIT-CT1ALTMARIF" name="com.eisrem.testCases.Release2021.TC_BHOPS_10716_Org_Add_Identifier_Duplicate_Vendor_Code_Error_Message" tests="1" failures="0" timestamp="2022-06-09T11:32:51 EDT" time="96.019" errors="0">
  <testcase name="Add_Identifier_Duplicate_Error_Message" time="96.019" classname="com.eisrem.testCases.Release2021.TC_BHOPS_10716_Org_Add_Identifier_Duplicate_Vendor_Code_Error_Message"/>
  <system-out/>
</testsuite> <!-- com.eisrem.testCases.Release2021.TC_BHOPS_10716_Org_Add_Identifier_Duplicate_Vendor_Code_Error_Message -->
