<?xml version="1.0" encoding="UTF-8"?>
<!-- Generated by org.testng.reporters.JUnitReportReporter -->
<testsuite skipped="0" hostname="OIT-CT1ALTMARIF" name="com.eisrem.testCases.Business.Module_People.TC_People_Associations_Inactive_Users" tests="1" failures="0" timestamp="2022-05-31T14:50:14 EDT" time="260.734" errors="0">
  <testcase name="TC_People_Associations_Inactive_Users_001" time="260.734" classname="com.eisrem.testCases.Business.Module_People.TC_People_Associations_Inactive_Users"/>
  <system-out/>
</testsuite> <!-- com.eisrem.testCases.Business.Module_People.TC_People_Associations_Inactive_Users -->
