<?xml version="1.0" encoding="UTF-8"?>
<!-- Generated by org.testng.reporters.JUnitReportReporter -->
<testsuite skipped="0" hostname="OIT-CT1ALTMARIF" name="com.eisrem.testCases.Module_Search.SearchPageTest" tests="1" failures="0" timestamp="2022-06-20T15:40:20 EDT" time="44.702" errors="0">
  <testcase name="SearchTitleCheck" time="44.702" classname="com.eisrem.testCases.Module_Search.SearchPageTest"/>
  <system-out/>
</testsuite> <!-- com.eisrem.testCases.Module_Search.SearchPageTest -->
