<?xml version="1.0" encoding="UTF-8"?>
<!-- Generated by org.testng.reporters.JUnitReportReporter -->
<testsuite skipped="0" hostname="OIT-CT1ALTMARIF" name="com.eisrem.testCases.Module_ConductedTypes.TC_BHOPS_11671_Conducted_Types_UserLocation_Check" tests="1" failures="0" timestamp="2022-05-09T12:06:46 EDT" time="86.465" errors="0">
  <testcase name="Conducted_Types_UserLocation_Check" time="86.465" classname="com.eisrem.testCases.Module_ConductedTypes.TC_BHOPS_11671_Conducted_Types_UserLocation_Check"/>
  <system-out/>
</testsuite> <!-- com.eisrem.testCases.Module_ConductedTypes.TC_BHOPS_11671_Conducted_Types_UserLocation_Check -->
