<?xml version="1.0" encoding="UTF-8"?>
<!-- Generated by org.testng.reporters.JUnitReportReporter -->
<testsuite skipped="0" hostname="OIT-CT1ALTMARIF" name="com.eisrem.testCases.Module_Administrator.TC_Notifications_Add_Edit_Fire_Correctly" tests="1" failures="0" timestamp="2022-06-15T16:48:21 EDT" time="2234.813" errors="0">
  <testcase name="TC_Notifications_Add_Edit_Fire_Correctly_001" time="2234.813" classname="com.eisrem.testCases.Module_Administrator.TC_Notifications_Add_Edit_Fire_Correctly"/>
  <system-out/>
</testsuite> <!-- com.eisrem.testCases.Module_Administrator.TC_Notifications_Add_Edit_Fire_Correctly -->
