<?xml version="1.0" encoding="UTF-8"?>
<!-- Generated by org.testng.reporters.JUnitReportReporter -->
<testsuite skipped="0" hostname="OIT-CT1ALTMARIF" name="com.eisrem.testCases.Release2022.TC_BHOPS_12479_Admin_Edit_Start_Dates_Association" tests="1" failures="0" timestamp="2022-06-29T16:28:44 EDT" time="468.632" errors="0">
  <testcase name="TC_BHOPS_12479_Admin_Edit_Start_Dates_Association" time="468.632" classname="com.eisrem.testCases.Release2022.TC_BHOPS_12479_Admin_Edit_Start_Dates_Association"/>
  <system-out/>
</testsuite> <!-- com.eisrem.testCases.Release2022.TC_BHOPS_12479_Admin_Edit_Start_Dates_Association -->
