<?xml version="1.0" encoding="UTF-8"?>
<!-- Generated by org.testng.reporters.JUnitReportReporter -->
<testsuite skipped="0" hostname="OIT-CT1ALTMARIF" name="com.eisrem.testCases.Module_People.TC_BHOPS_10819_People_Associations_Org_Dropdown_Base_Loc" tests="1" failures="0" timestamp="2022-05-27T13:00:25 EDT" time="39.981" errors="0">
  <testcase name="People_Add_001" time="39.981" classname="com.eisrem.testCases.Module_People.TC_BHOPS_10819_People_Associations_Org_Dropdown_Base_Loc"/>
  <system-out/>
</testsuite> <!-- com.eisrem.testCases.Module_People.TC_BHOPS_10819_People_Associations_Org_Dropdown_Base_Loc -->
