<?xml version="1.0" encoding="UTF-8"?>
<!-- Generated by org.testng.reporters.JUnitReportReporter -->
<testsuite skipped="0" hostname="OIT-CT1ALTMARIF" name="com.eisrem.testCases.Module_Administrator.TC_Add_View_Page_Section_Row_Question" tests="1" failures="0" timestamp="2022-03-28T11:01:47 EDT" time="229.408" errors="0">
  <testcase name="TC_View_Page_Section_Row_Question_001" time="229.408" classname="com.eisrem.testCases.Module_Administrator.TC_Add_View_Page_Section_Row_Question"/>
  <system-out/>
</testsuite> <!-- com.eisrem.testCases.Module_Administrator.TC_Add_View_Page_Section_Row_Question -->
