<?xml version="1.0" encoding="UTF-8"?>
<!-- Generated by org.testng.reporters.JUnitReportReporter -->
<testsuite skipped="0" hostname="OIT-CT1ALTMARIF" name="com.eisrem.testCases.Module_Administrator.RolesPageTest" tests="1" failures="0" timestamp="2022-06-20T09:27:36 EDT" time="59.112" errors="0">
  <testcase name="DataTableTitleCheck" time="59.112" classname="com.eisrem.testCases.Module_Administrator.RolesPageTest"/>
  <system-out/>
</testsuite> <!-- com.eisrem.testCases.Module_Administrator.RolesPageTest -->
