<?xml version="1.0" encoding="UTF-8"?>
<!-- Generated by org.testng.reporters.JUnitReportReporter -->
<testsuite skipped="0" hostname="OIT-CT1ALTMARIF" name="com.eisrem.testCases.Module_Administrator.TC_Types_Test_Type" tests="1" failures="0" timestamp="2022-03-28T15:20:15 EDT" time="441.099" errors="0">
  <testcase name="TC_Types_Test_Type_001" time="441.099" classname="com.eisrem.testCases.Module_Administrator.TC_Types_Test_Type"/>
  <system-out/>
</testsuite> <!-- com.eisrem.testCases.Module_Administrator.TC_Types_Test_Type -->
