<?xml version="1.0" encoding="UTF-8"?>
<!-- Generated by org.testng.reporters.JUnitReportReporter -->
<testsuite skipped="0" hostname="OIT-CT1ALTMARIF" name="com.eisrem.testCases.Module_Administrator.TC_BHOPS_11462_Notifications_Occurance" tests="1" failures="0" timestamp="2022-05-02T09:53:04 EDT" time="2075.380" errors="0">
  <testcase name="TC_Notifications_Occurance_001" time="2075.380" classname="com.eisrem.testCases.Module_Administrator.TC_BHOPS_11462_Notifications_Occurance"/>
  <system-out/>
</testsuite> <!-- com.eisrem.testCases.Module_Administrator.TC_BHOPS_11462_Notifications_Occurance -->
