<?xml version="1.0" encoding="UTF-8"?>
<!-- Generated by org.testng.reporters.JUnitReportReporter -->
<testsuite skipped="0" hostname="OIT-CT1ALTMARIF" name="com.eisrem.testCases.Release2021.TC_BHOPS_11926_Role_End_Date_People" tests="1" failures="0" timestamp="2022-04-05T14:58:51 EDT" time="427.378" errors="0">
  <testcase name="TC_BHOPS_11926_Role_End_Date_People_01" time="427.378" classname="com.eisrem.testCases.Release2021.TC_BHOPS_11926_Role_End_Date_People"/>
  <system-out/>
</testsuite> <!-- com.eisrem.testCases.Release2021.TC_BHOPS_11926_Role_End_Date_People -->
