<?xml version="1.0" encoding="UTF-8"?>
<!-- Generated by org.testng.reporters.JUnitReportReporter -->
<testsuite skipped="0" hostname="OIT-CT1ALTMARIF" name="com.eisrem.testCases.Release2021.TC_BHOPS_11836_Conducted_Types_Clear_Anchor_Check" tests="1" failures="0" timestamp="2022-04-29T12:31:08 EDT" time="58.954" errors="0">
  <testcase name="TC_Conducted_Types_Clear_Anchor_Check" time="58.954" classname="com.eisrem.testCases.Release2021.TC_BHOPS_11836_Conducted_Types_Clear_Anchor_Check"/>
  <system-out/>
</testsuite> <!-- com.eisrem.testCases.Release2021.TC_BHOPS_11836_Conducted_Types_Clear_Anchor_Check -->
