<?xml version="1.0" encoding="UTF-8"?>
<!-- Generated by org.testng.reporters.JUnitReportReporter -->
<testsuite skipped="0" hostname="OIT-CT1ALTMARIF" name="com.eisrem.testCases.Release2022.TC_BHOPS_11681_Org_Add_Identifier_Duplicate_Error_Message" tests="1" failures="0" timestamp="2022-05-05T15:37:13 EDT" time="97.775" errors="0">
  <testcase name="Add_Identifier_Duplicate_Error_Message" time="97.775" classname="com.eisrem.testCases.Release2022.TC_BHOPS_11681_Org_Add_Identifier_Duplicate_Error_Message"/>
  <system-out/>
</testsuite> <!-- com.eisrem.testCases.Release2022.TC_BHOPS_11681_Org_Add_Identifier_Duplicate_Error_Message -->
