<?xml version="1.0" encoding="UTF-8"?>
<!-- Generated by org.testng.reporters.JUnitReportReporter -->
<testsuite skipped="0" hostname="OIT-CT1ALTMARIF" name="com.eisrem.testCases.Module_Organization.TC_Organization_LocDropdown_BaseLoc_First" tests="1" failures="0" timestamp="2022-07-04T12:35:11 EDT" time="76.172" errors="0">
  <testcase name="AddUser_OrgLocList_BaseLocation_Verify" time="76.172" classname="com.eisrem.testCases.Module_Organization.TC_Organization_LocDropdown_BaseLoc_First"/>
  <system-out/>
</testsuite> <!-- com.eisrem.testCases.Module_Organization.TC_Organization_LocDropdown_BaseLoc_First -->
