<?xml version="1.0" encoding="UTF-8"?>
<!-- Generated by org.testng.reporters.JUnitReportReporter -->
<testsuite skipped="0" hostname="OIT-CT1ALTMARIF" name="com.eisrem.testCases.Module_People.LanguagePageTest" tests="1" failures="0" timestamp="2022-05-10T09:25:07 EDT" time="40.227" errors="0">
  <testcase name="LanguagePageTitleCheck" time="40.227" classname="com.eisrem.testCases.Module_People.LanguagePageTest"/>
  <system-out/>
</testsuite> <!-- com.eisrem.testCases.Module_People.LanguagePageTest -->
