<?xml version="1.0" encoding="UTF-8"?>
<!-- Generated by org.testng.reporters.JUnitReportReporter -->
<testsuite skipped="0" hostname="OIT-CT1ALTMARIF" name="com.eisrem.testCases.Module_ConductedTypes.TC_BHOPS_10565_Conducted_Types_Add_PopupCheck" tests="1" failures="0" timestamp="2022-05-09T11:59:13 EDT" time="57.095" errors="0">
  <testcase name="Types_Add_PopupCheck" time="57.095" classname="com.eisrem.testCases.Module_ConductedTypes.TC_BHOPS_10565_Conducted_Types_Add_PopupCheck"/>
  <system-out/>
</testsuite> <!-- com.eisrem.testCases.Module_ConductedTypes.TC_BHOPS_10565_Conducted_Types_Add_PopupCheck -->
