<?xml version="1.0" encoding="UTF-8"?>
<!-- Generated by org.testng.reporters.JUnitReportReporter -->
<testsuite skipped="0" hostname="OIT-CT1ALTMARIF" name="com.eisrem.testCases.Release2022.TC_BHOPS_10723_Test_Triggered_Pages_With_Popup" tests="1" failures="0" timestamp="2022-07-05T16:40:48 EDT" time="246.653" errors="0">
  <testcase name="Test_Triggered_Pages_With_Popup" time="246.653" classname="com.eisrem.testCases.Release2022.TC_BHOPS_10723_Test_Triggered_Pages_With_Popup"/>
  <system-out/>
</testsuite> <!-- com.eisrem.testCases.Release2022.TC_BHOPS_10723_Test_Triggered_Pages_With_Popup -->
