<?xml version="1.0" encoding="UTF-8"?>
<!-- Generated by org.testng.reporters.JUnitReportReporter -->
<testsuite skipped="0" hostname="OIT-CT1ALTMARIF" name="com.eisrem.testCases.Module_Organization.TC_Organization_Identifiers_Edit_With_Service_Pop_001" tests="1" failures="0" timestamp="2022-07-04T12:28:20 EDT" time="87.276" errors="0">
  <testcase name="TC_Organization_Identifiers_Add_001" time="87.276" classname="com.eisrem.testCases.Module_Organization.TC_Organization_Identifiers_Edit_With_Service_Pop_001"/>
  <system-out/>
</testsuite> <!-- com.eisrem.testCases.Module_Organization.TC_Organization_Identifiers_Edit_With_Service_Pop_001 -->
