<?xml version="1.0" encoding="UTF-8"?>
<!-- Generated by org.testng.reporters.JUnitReportReporter -->
<testsuite skipped="0" hostname="OIT-CT1ALTMARIF" name="com.eisrem.testCases.Module_People.People_Documents_Test" tests="1" failures="0" timestamp="2022-06-13T14:09:48 EDT" time="81.369" errors="0">
  <testcase name="Documents_ServicePop_Check_001" time="81.369" classname="com.eisrem.testCases.Module_People.People_Documents_Test"/>
  <system-out/>
</testsuite> <!-- com.eisrem.testCases.Module_People.People_Documents_Test -->
