<?xml version="1.0" encoding="UTF-8"?>
<!-- Generated by org.testng.reporters.JUnitReportReporter -->
<testsuite skipped="0" hostname="OIT-CT1ALTMARIF" name="com.eisrem.testCases.Module_Admin.TC_Login_Error_Messages" tests="1" failures="0" timestamp="2022-06-13T14:53:23 EDT" time="56.324" errors="0">
  <testcase name="TC_Login_Error_Messages_001" time="56.324" classname="com.eisrem.testCases.Module_Admin.TC_Login_Error_Messages"/>
  <system-out/>
</testsuite> <!-- com.eisrem.testCases.Module_Admin.TC_Login_Error_Messages -->
