<?xml version="1.0" encoding="UTF-8"?>
<!-- Generated by org.testng.reporters.JUnitReportReporter -->
<testsuite skipped="0" hostname="OIT-CT1ALTMARIF" name="com.eisrem.testCases.Module_People.TC_BHOPS_10817_People_Identifier_Uppercase_MECare" tests="1" failures="0" timestamp="2022-05-27T14:08:12 EDT" time="91.921" errors="0">
  <testcase name="Uppercase_MECare_Demographics_Tab" time="91.921" classname="com.eisrem.testCases.Module_People.TC_BHOPS_10817_People_Identifier_Uppercase_MECare"/>
  <system-out/>
</testsuite> <!-- com.eisrem.testCases.Module_People.TC_BHOPS_10817_People_Identifier_Uppercase_MECare -->
