<?xml version="1.0" encoding="UTF-8"?>
<!-- Generated by org.testng.reporters.JUnitReportReporter -->
<testsuite skipped="0" hostname="OIT-CT1ALTMARIF" name="com.eisrem.testCases.Business.Module_Organization.Edit_Org" tests="1" failures="0" timestamp="2022-05-31T17:09:49 EDT" time="155.207" errors="0">
  <testcase name="Edit_Org_Address" time="155.207" classname="com.eisrem.testCases.Business.Module_Organization.Edit_Org"/>
  <system-out/>
</testsuite> <!-- com.eisrem.testCases.Business.Module_Organization.Edit_Org -->
