<?xml version="1.0" encoding="UTF-8"?>
<!-- Generated by org.testng.reporters.JUnitReportReporter -->
<testsuite skipped="0" hostname="OIT-CT1ALTMARIF" name="com.eisrem.testCases.Module_Organization.TC_Users_Change_Password_001" tests="1" failures="0" timestamp="2022-06-20T14:19:34 EDT" time="143.733" errors="0">
  <testcase name="TC_User_Change_Password_001" time="143.733" classname="com.eisrem.testCases.Module_Organization.TC_Users_Change_Password_001"/>
  <system-out/>
</testsuite> <!-- com.eisrem.testCases.Module_Organization.TC_Users_Change_Password_001 -->
