<?xml version="1.0" encoding="UTF-8"?>
<!-- Generated by org.testng.reporters.JUnitReportReporter -->
<testsuite skipped="0" hostname="OIT-CT1ALTMARIF" name="com.eisrem.testCases.Module_Organization.TC_Organization_Location_Add_Edit_View" tests="1" failures="0" timestamp="2022-05-16T11:36:27 EDT" time="39.689" errors="0">
  <testcase name="TC_Location_View_001" time="39.689" classname="com.eisrem.testCases.Module_Organization.TC_Organization_Location_Add_Edit_View"/>
  <system-out/>
</testsuite> <!-- com.eisrem.testCases.Module_Organization.TC_Organization_Location_Add_Edit_View -->
