<?xml version="1.0" encoding="UTF-8"?>
<!-- Generated by org.testng.reporters.JUnitReportReporter -->
<testsuite skipped="0" hostname="OIT-CT1ALTMARIF" name="com.eisrem.testCases.Business.Module_Organization.Organization_Access_Check" tests="1" failures="0" timestamp="2022-05-05T10:00:05 EDT" time="80.692" errors="0">
  <testcase name="Organization_Access_Check_001" time="80.692" classname="com.eisrem.testCases.Business.Module_Organization.Organization_Access_Check"/>
  <system-out/>
</testsuite> <!-- com.eisrem.testCases.Business.Module_Organization.Organization_Access_Check -->
