<?xml version="1.0" encoding="UTF-8"?>
<!-- Generated by org.testng.reporters.JUnitReportReporter -->
<testsuite skipped="0" hostname="OIT-CT1ALTMARIF" name="com.eisrem.testCases.Module_Administrator.TC_Types_Test_Conducted_Combobox" tests="1" failures="0" timestamp="2022-03-28T15:12:07 EDT" time="219.566" errors="0">
  <testcase name="TC_Types_Test_Conducted_Combobox_001" time="219.566" classname="com.eisrem.testCases.Module_Administrator.TC_Types_Test_Conducted_Combobox"/>
  <system-out/>
</testsuite> <!-- com.eisrem.testCases.Module_Administrator.TC_Types_Test_Conducted_Combobox -->
