<?xml version="1.0" encoding="UTF-8"?>
<!-- Generated by org.testng.reporters.JUnitReportReporter -->
<testsuite skipped="0" hostname="OIT-CT1ALTMARIF" name="com.eisrem.testCases.Module_ConductedTypes.TC_Conducted_Type_AlphaOrder" tests="1" failures="0" timestamp="2022-05-09T12:29:51 EDT" time="90.260" errors="0">
  <testcase name="AssessmentTypeList_AlphaOrder_Verify" time="90.260" classname="com.eisrem.testCases.Module_ConductedTypes.TC_Conducted_Type_AlphaOrder"/>
  <system-out/>
</testsuite> <!-- com.eisrem.testCases.Module_ConductedTypes.TC_Conducted_Type_AlphaOrder -->
