<?xml version="1.0" encoding="UTF-8"?>
<!-- Generated by org.testng.reporters.JUnitReportReporter -->
<testsuite skipped="0" hostname="OIT-CT1ALTMARIF" name="com.eisrem.testCases.Module_People.PeoplePageTest" tests="1" failures="0" timestamp="2022-06-20T14:49:58 EDT" time="58.748" errors="0">
  <testcase name="DataTableTitleCheck" time="58.748" classname="com.eisrem.testCases.Module_People.PeoplePageTest"/>
  <system-out/>
</testsuite> <!-- com.eisrem.testCases.Module_People.PeoplePageTest -->
